ARM GAS  C:\Users\David\AppData\Local\Temp\cc85Jg5z.s 			page 1


   1              		.cpu cortex-m0
   2              		.fpu softvfp
   3              		.eabi_attribute 20, 1
   4              		.eabi_attribute 21, 1
   5              		.eabi_attribute 23, 3
   6              		.eabi_attribute 24, 1
   7              		.eabi_attribute 25, 1
   8              		.eabi_attribute 26, 1
   9              		.eabi_attribute 30, 1
  10              		.eabi_attribute 34, 0
  11              		.eabi_attribute 18, 4
  12              		.code	16
  13              		.file	"BLE_custom.c"
  14              		.text
  15              	.Ltext0:
  16              		.cfi_sections	.debug_frame
  17              		.section	.text.CyBle_CustomInit,"ax",%progbits
  18              		.align	2
  19              		.global	CyBle_CustomInit
  20              		.code	16
  21              		.thumb_func
  22              		.type	CyBle_CustomInit, %function
  23              	CyBle_CustomInit:
  24              	.LFB2:
  25              		.file 1 ".\\Generated_Source\\PSoC4\\BLE_custom.c"
   1:.\Generated_Source\PSoC4/BLE_custom.c **** /*******************************************************************************
   2:.\Generated_Source\PSoC4/BLE_custom.c **** File Name: CYBLE_custom.c
   3:.\Generated_Source\PSoC4/BLE_custom.c **** Version 2.10
   4:.\Generated_Source\PSoC4/BLE_custom.c **** 
   5:.\Generated_Source\PSoC4/BLE_custom.c **** Description:
   6:.\Generated_Source\PSoC4/BLE_custom.c ****  Contains the source code for the Custom Service.
   7:.\Generated_Source\PSoC4/BLE_custom.c **** 
   8:.\Generated_Source\PSoC4/BLE_custom.c **** ********************************************************************************
   9:.\Generated_Source\PSoC4/BLE_custom.c **** Copyright 2014-2015, Cypress Semiconductor Corporation.  All rights reserved.
  10:.\Generated_Source\PSoC4/BLE_custom.c **** You may use this file only in accordance with the license, terms, conditions,
  11:.\Generated_Source\PSoC4/BLE_custom.c **** disclaimers, and limitations in the end user license agreement accompanying
  12:.\Generated_Source\PSoC4/BLE_custom.c **** the software package with which this file was provided.
  13:.\Generated_Source\PSoC4/BLE_custom.c **** *******************************************************************************/
  14:.\Generated_Source\PSoC4/BLE_custom.c **** 
  15:.\Generated_Source\PSoC4/BLE_custom.c **** 
  16:.\Generated_Source\PSoC4/BLE_custom.c **** #include "BLE_eventHandler.h"
  17:.\Generated_Source\PSoC4/BLE_custom.c **** 
  18:.\Generated_Source\PSoC4/BLE_custom.c **** #ifdef CYBLE_CUSTOM_SERVER
  19:.\Generated_Source\PSoC4/BLE_custom.c **** 
  20:.\Generated_Source\PSoC4/BLE_custom.c **** /* If any custom service with custom characterisctis is defined in the
  21:.\Generated_Source\PSoC4/BLE_custom.c **** * customizer's GUI their handles will be present in this array.
  22:.\Generated_Source\PSoC4/BLE_custom.c **** */
  23:.\Generated_Source\PSoC4/BLE_custom.c **** /* This array contains attribute handles for the defined Custom Services and their characteristics 
  24:.\Generated_Source\PSoC4/BLE_custom.c ****    The array index definitions are located in the CYBLE_custom.h file. */
  25:.\Generated_Source\PSoC4/BLE_custom.c **** const CYBLE_CUSTOMS_T cyBle_customs[0x01u] = {
  26:.\Generated_Source\PSoC4/BLE_custom.c **** 
  27:.\Generated_Source\PSoC4/BLE_custom.c ****     /* Serial Port service */
  28:.\Generated_Source\PSoC4/BLE_custom.c ****     {
  29:.\Generated_Source\PSoC4/BLE_custom.c ****         0x000Cu, /* Handle of the Serial Port service */ 
  30:.\Generated_Source\PSoC4/BLE_custom.c ****         {
  31:.\Generated_Source\PSoC4/BLE_custom.c **** 
  32:.\Generated_Source\PSoC4/BLE_custom.c ****             /* Rx characteristic */
ARM GAS  C:\Users\David\AppData\Local\Temp\cc85Jg5z.s 			page 2


  33:.\Generated_Source\PSoC4/BLE_custom.c ****             {
  34:.\Generated_Source\PSoC4/BLE_custom.c ****                 0x000Eu, /* Handle of the Rx characteristic */ 
  35:.\Generated_Source\PSoC4/BLE_custom.c ****                 
  36:.\Generated_Source\PSoC4/BLE_custom.c ****                 /* Array of Descriptors handles */
  37:.\Generated_Source\PSoC4/BLE_custom.c ****                 {
  38:.\Generated_Source\PSoC4/BLE_custom.c ****                     CYBLE_GATT_INVALID_ATTR_HANDLE_VALUE, 
  39:.\Generated_Source\PSoC4/BLE_custom.c ****                 }, 
  40:.\Generated_Source\PSoC4/BLE_custom.c ****             },
  41:.\Generated_Source\PSoC4/BLE_custom.c **** 
  42:.\Generated_Source\PSoC4/BLE_custom.c ****             /* Tx characteristic */
  43:.\Generated_Source\PSoC4/BLE_custom.c ****             {
  44:.\Generated_Source\PSoC4/BLE_custom.c ****                 0x0010u, /* Handle of the Tx characteristic */ 
  45:.\Generated_Source\PSoC4/BLE_custom.c ****                 
  46:.\Generated_Source\PSoC4/BLE_custom.c ****                 /* Array of Descriptors handles */
  47:.\Generated_Source\PSoC4/BLE_custom.c ****                 {
  48:.\Generated_Source\PSoC4/BLE_custom.c ****                     0x0011u, /* Handle of the Client Characteristic Configuration descriptor */ 
  49:.\Generated_Source\PSoC4/BLE_custom.c ****                 }, 
  50:.\Generated_Source\PSoC4/BLE_custom.c ****             },
  51:.\Generated_Source\PSoC4/BLE_custom.c ****         }, 
  52:.\Generated_Source\PSoC4/BLE_custom.c ****     },
  53:.\Generated_Source\PSoC4/BLE_custom.c **** };
  54:.\Generated_Source\PSoC4/BLE_custom.c **** 
  55:.\Generated_Source\PSoC4/BLE_custom.c **** 
  56:.\Generated_Source\PSoC4/BLE_custom.c **** #endif /* (CYBLE_CUSTOM_SERVER) */
  57:.\Generated_Source\PSoC4/BLE_custom.c **** 
  58:.\Generated_Source\PSoC4/BLE_custom.c **** #ifdef CYBLE_CUSTOM_CLIENT
  59:.\Generated_Source\PSoC4/BLE_custom.c ****     
  60:.\Generated_Source\PSoC4/BLE_custom.c **** 
  61:.\Generated_Source\PSoC4/BLE_custom.c **** static uint16 cyBle_customDisServIndex;
  62:.\Generated_Source\PSoC4/BLE_custom.c **** static uint16 cyBle_customDisCharIndex;
  63:.\Generated_Source\PSoC4/BLE_custom.c **** 
  64:.\Generated_Source\PSoC4/BLE_custom.c **** #endif /* (CYBLE_CUSTOM_CLIENT) */
  65:.\Generated_Source\PSoC4/BLE_custom.c **** 
  66:.\Generated_Source\PSoC4/BLE_custom.c **** 
  67:.\Generated_Source\PSoC4/BLE_custom.c **** /****************************************************************************** 
  68:.\Generated_Source\PSoC4/BLE_custom.c **** ##Function Name: CyBle_CustomInit
  69:.\Generated_Source\PSoC4/BLE_custom.c **** *******************************************************************************
  70:.\Generated_Source\PSoC4/BLE_custom.c **** 
  71:.\Generated_Source\PSoC4/BLE_custom.c **** Summary:
  72:.\Generated_Source\PSoC4/BLE_custom.c ****  This function initializes Custom Service.
  73:.\Generated_Source\PSoC4/BLE_custom.c **** 
  74:.\Generated_Source\PSoC4/BLE_custom.c **** Parameters:
  75:.\Generated_Source\PSoC4/BLE_custom.c ****  None
  76:.\Generated_Source\PSoC4/BLE_custom.c **** 
  77:.\Generated_Source\PSoC4/BLE_custom.c **** Return:
  78:.\Generated_Source\PSoC4/BLE_custom.c ****  None
  79:.\Generated_Source\PSoC4/BLE_custom.c **** 
  80:.\Generated_Source\PSoC4/BLE_custom.c **** ******************************************************************************/
  81:.\Generated_Source\PSoC4/BLE_custom.c **** void CyBle_CustomInit(void)
  82:.\Generated_Source\PSoC4/BLE_custom.c **** {
  26              		.loc 1 82 0
  27              		.cfi_startproc
  83:.\Generated_Source\PSoC4/BLE_custom.c ****     
  84:.\Generated_Source\PSoC4/BLE_custom.c **** #ifdef CYBLE_CUSTOM_CLIENT
  85:.\Generated_Source\PSoC4/BLE_custom.c **** 
  86:.\Generated_Source\PSoC4/BLE_custom.c ****     uint16 locServIndex;
  87:.\Generated_Source\PSoC4/BLE_custom.c ****     uint16 locCharIndex;
ARM GAS  C:\Users\David\AppData\Local\Temp\cc85Jg5z.s 			page 3


  88:.\Generated_Source\PSoC4/BLE_custom.c ****     uint16 locDescIndex;
  89:.\Generated_Source\PSoC4/BLE_custom.c ****     
  90:.\Generated_Source\PSoC4/BLE_custom.c ****     for(locServIndex = 0u; locServIndex < CYBLE_CUSTOMC_SERVICE_COUNT; locServIndex++)
  91:.\Generated_Source\PSoC4/BLE_custom.c ****     {
  92:.\Generated_Source\PSoC4/BLE_custom.c ****         for(locCharIndex = 0u; locCharIndex < cyBle_customCServ[locServIndex].charCount; locCharInd
  93:.\Generated_Source\PSoC4/BLE_custom.c ****         {
  94:.\Generated_Source\PSoC4/BLE_custom.c ****             cyBle_customCServ[locServIndex].customServChar[locCharIndex].
  95:.\Generated_Source\PSoC4/BLE_custom.c ****                 customServCharHandle = 0u;
  96:.\Generated_Source\PSoC4/BLE_custom.c ****             
  97:.\Generated_Source\PSoC4/BLE_custom.c ****             for(locDescIndex = 0u; locDescIndex < 
  98:.\Generated_Source\PSoC4/BLE_custom.c ****                 cyBle_customCServ[locServIndex].customServChar[locCharIndex].descCount; 
  99:.\Generated_Source\PSoC4/BLE_custom.c ****                     locDescIndex++)
 100:.\Generated_Source\PSoC4/BLE_custom.c ****             {
 101:.\Generated_Source\PSoC4/BLE_custom.c ****                 cyBle_customCServ[locServIndex].customServChar[locCharIndex].
 102:.\Generated_Source\PSoC4/BLE_custom.c ****                     customServCharDesc[locDescIndex].descHandle = 0u;
 103:.\Generated_Source\PSoC4/BLE_custom.c ****             }
 104:.\Generated_Source\PSoC4/BLE_custom.c ****         }
 105:.\Generated_Source\PSoC4/BLE_custom.c ****     }
 106:.\Generated_Source\PSoC4/BLE_custom.c **** 
 107:.\Generated_Source\PSoC4/BLE_custom.c **** #endif /* (CYBLE_CUSTOM_CLIENT) */
 108:.\Generated_Source\PSoC4/BLE_custom.c **** }
  28              		.loc 1 108 0
  29              		@ sp needed
  30 0000 7047     		bx	lr
  31              		.cfi_endproc
  32              	.LFE2:
  33              		.size	CyBle_CustomInit, .-CyBle_CustomInit
  34              		.global	cyBle_customs
  35 0002 C046     		.section	.rodata
  36              		.align	2
  37              		.type	cyBle_customs, %object
  38              		.size	cyBle_customs, 10
  39              	cyBle_customs:
  40 0000 0C00     		.short	12
  41 0002 0E00     		.short	14
  42 0004 0000     		.short	0
  43 0006 1000     		.short	16
  44 0008 1100     		.short	17
  45 000a 0000     		.text
  46              	.Letext0:
  47              		.file 2 ".\\Generated_Source\\PSoC4\\cytypes.h"
  48              		.file 3 ".\\Generated_Source\\PSoC4\\BLE_StackGatt.h"
  49              		.file 4 ".\\Generated_Source\\PSoC4\\BLE_custom.h"
  50              		.file 5 ".\\Generated_Source\\PSoC4\\BLE_Stack.h"
  51              		.section	.debug_info,"",%progbits
  52              	.Ldebug_info0:
  53 0000 CF020000 		.4byte	0x2cf
  54 0004 0400     		.2byte	0x4
  55 0006 00000000 		.4byte	.Ldebug_abbrev0
  56 000a 04       		.byte	0x4
  57 000b 01       		.uleb128 0x1
  58 000c 6A000000 		.4byte	.LASF78
  59 0010 01       		.byte	0x1
  60 0011 21020000 		.4byte	.LASF79
  61 0015 4D020000 		.4byte	.LASF80
  62 0019 00000000 		.4byte	.Ldebug_ranges0+0
  63 001d 00000000 		.4byte	0
ARM GAS  C:\Users\David\AppData\Local\Temp\cc85Jg5z.s 			page 4


  64 0021 00000000 		.4byte	.Ldebug_line0
  65 0025 02       		.uleb128 0x2
  66 0026 01       		.byte	0x1
  67 0027 06       		.byte	0x6
  68 0028 8D040000 		.4byte	.LASF0
  69 002c 02       		.uleb128 0x2
  70 002d 01       		.byte	0x1
  71 002e 08       		.byte	0x8
  72 002f 14040000 		.4byte	.LASF1
  73 0033 02       		.uleb128 0x2
  74 0034 02       		.byte	0x2
  75 0035 05       		.byte	0x5
  76 0036 46000000 		.4byte	.LASF2
  77 003a 02       		.uleb128 0x2
  78 003b 02       		.byte	0x2
  79 003c 07       		.byte	0x7
  80 003d 0C060000 		.4byte	.LASF3
  81 0041 02       		.uleb128 0x2
  82 0042 04       		.byte	0x4
  83 0043 05       		.byte	0x5
  84 0044 DE020000 		.4byte	.LASF4
  85 0048 02       		.uleb128 0x2
  86 0049 04       		.byte	0x4
  87 004a 07       		.byte	0x7
  88 004b 1E050000 		.4byte	.LASF5
  89 004f 02       		.uleb128 0x2
  90 0050 08       		.byte	0x8
  91 0051 05       		.byte	0x5
  92 0052 A4020000 		.4byte	.LASF6
  93 0056 02       		.uleb128 0x2
  94 0057 08       		.byte	0x8
  95 0058 07       		.byte	0x7
  96 0059 B2020000 		.4byte	.LASF7
  97 005d 03       		.uleb128 0x3
  98 005e 04       		.byte	0x4
  99 005f 05       		.byte	0x5
 100 0060 696E7400 		.ascii	"int\000"
 101 0064 02       		.uleb128 0x2
 102 0065 04       		.byte	0x4
 103 0066 07       		.byte	0x7
 104 0067 F6040000 		.4byte	.LASF8
 105 006b 04       		.uleb128 0x4
 106 006c 71010000 		.4byte	.LASF70
 107 0070 02       		.byte	0x2
 108 0071 C2       		.byte	0xc2
 109 0072 3A000000 		.4byte	0x3a
 110 0076 02       		.uleb128 0x2
 111 0077 04       		.byte	0x4
 112 0078 04       		.byte	0x4
 113 0079 47020000 		.4byte	.LASF9
 114 007d 02       		.uleb128 0x2
 115 007e 08       		.byte	0x8
 116 007f 04       		.byte	0x4
 117 0080 BC060000 		.4byte	.LASF10
 118 0084 02       		.uleb128 0x2
 119 0085 01       		.byte	0x1
 120 0086 08       		.byte	0x8
ARM GAS  C:\Users\David\AppData\Local\Temp\cc85Jg5z.s 			page 5


 121 0087 EB050000 		.4byte	.LASF11
 122 008b 02       		.uleb128 0x2
 123 008c 04       		.byte	0x4
 124 008d 07       		.byte	0x7
 125 008e E6000000 		.4byte	.LASF12
 126 0092 05       		.uleb128 0x5
 127 0093 01       		.byte	0x1
 128 0094 05       		.byte	0x5
 129 0095 96       		.byte	0x96
 130 0096 17020000 		.4byte	0x217
 131 009a 06       		.uleb128 0x6
 132 009b CB010000 		.4byte	.LASF13
 133 009f 00       		.sleb128 0
 134 00a0 06       		.uleb128 0x6
 135 00a1 40010000 		.4byte	.LASF14
 136 00a5 01       		.sleb128 1
 137 00a6 06       		.uleb128 0x6
 138 00a7 25080000 		.4byte	.LASF15
 139 00ab 02       		.sleb128 2
 140 00ac 06       		.uleb128 0x6
 141 00ad FB060000 		.4byte	.LASF16
 142 00b1 03       		.sleb128 3
 143 00b2 06       		.uleb128 0x6
 144 00b3 1A010000 		.4byte	.LASF17
 145 00b7 04       		.sleb128 4
 146 00b8 06       		.uleb128 0x6
 147 00b9 70030000 		.4byte	.LASF18
 148 00bd 05       		.sleb128 5
 149 00be 06       		.uleb128 0x6
 150 00bf 59070000 		.4byte	.LASF19
 151 00c3 20       		.sleb128 32
 152 00c4 06       		.uleb128 0x6
 153 00c5 30050000 		.4byte	.LASF20
 154 00c9 21       		.sleb128 33
 155 00ca 06       		.uleb128 0x6
 156 00cb 00000000 		.4byte	.LASF21
 157 00cf 22       		.sleb128 34
 158 00d0 06       		.uleb128 0x6
 159 00d1 8C030000 		.4byte	.LASF22
 160 00d5 23       		.sleb128 35
 161 00d6 06       		.uleb128 0x6
 162 00d7 DA040000 		.4byte	.LASF23
 163 00db 24       		.sleb128 36
 164 00dc 06       		.uleb128 0x6
 165 00dd 50000000 		.4byte	.LASF24
 166 00e1 25       		.sleb128 37
 167 00e2 06       		.uleb128 0x6
 168 00e3 27030000 		.4byte	.LASF25
 169 00e7 26       		.sleb128 38
 170 00e8 06       		.uleb128 0x6
 171 00e9 08030000 		.4byte	.LASF26
 172 00ed 27       		.sleb128 39
 173 00ee 06       		.uleb128 0x6
 174 00ef 24000000 		.4byte	.LASF27
 175 00f3 28       		.sleb128 40
 176 00f4 06       		.uleb128 0x6
 177 00f5 68050000 		.4byte	.LASF28
ARM GAS  C:\Users\David\AppData\Local\Temp\cc85Jg5z.s 			page 6


 178 00f9 29       		.sleb128 41
 179 00fa 06       		.uleb128 0x6
 180 00fb C2050000 		.4byte	.LASF29
 181 00ff 2A       		.sleb128 42
 182 0100 06       		.uleb128 0x6
 183 0101 5C060000 		.4byte	.LASF30
 184 0105 2B       		.sleb128 43
 185 0106 06       		.uleb128 0x6
 186 0107 9E050000 		.4byte	.LASF31
 187 010b 2C       		.sleb128 44
 188 010c 06       		.uleb128 0x6
 189 010d EF000000 		.4byte	.LASF32
 190 0111 C000     		.sleb128 64
 191 0113 06       		.uleb128 0x6
 192 0114 03050000 		.4byte	.LASF33
 193 0118 C100     		.sleb128 65
 194 011a 06       		.uleb128 0x6
 195 011b EF080000 		.4byte	.LASF34
 196 011f C200     		.sleb128 66
 197 0121 06       		.uleb128 0x6
 198 0122 53010000 		.4byte	.LASF35
 199 0126 C300     		.sleb128 67
 200 0128 06       		.uleb128 0x6
 201 0129 E3070000 		.4byte	.LASF36
 202 012d C400     		.sleb128 68
 203 012f 06       		.uleb128 0x6
 204 0130 7D070000 		.4byte	.LASF37
 205 0134 C500     		.sleb128 69
 206 0136 06       		.uleb128 0x6
 207 0137 C2070000 		.4byte	.LASF38
 208 013b C600     		.sleb128 70
 209 013d 06       		.uleb128 0x6
 210 013e 6F040000 		.4byte	.LASF39
 211 0142 C700     		.sleb128 71
 212 0144 06       		.uleb128 0x6
 213 0145 B3040000 		.4byte	.LASF40
 214 0149 C800     		.sleb128 72
 215 014b 06       		.uleb128 0x6
 216 014c 85050000 		.4byte	.LASF41
 217 0150 C900     		.sleb128 73
 218 0152 06       		.uleb128 0x6
 219 0153 1F060000 		.4byte	.LASF42
 220 0157 CA00     		.sleb128 74
 221 0159 06       		.uleb128 0x6
 222 015a 8B010000 		.4byte	.LASF43
 223 015e CB00     		.sleb128 75
 224 0160 06       		.uleb128 0x6
 225 0161 99040000 		.4byte	.LASF44
 226 0165 CC00     		.sleb128 76
 227 0167 06       		.uleb128 0x6
 228 0168 8A020000 		.4byte	.LASF45
 229 016c CD00     		.sleb128 77
 230 016e 06       		.uleb128 0x6
 231 016f A4070000 		.4byte	.LASF46
 232 0173 CE00     		.sleb128 78
 233 0175 06       		.uleb128 0x6
 234 0176 31040000 		.4byte	.LASF47
ARM GAS  C:\Users\David\AppData\Local\Temp\cc85Jg5z.s 			page 7


 235 017a CF00     		.sleb128 79
 236 017c 06       		.uleb128 0x6
 237 017d 82080000 		.4byte	.LASF48
 238 0181 D000     		.sleb128 80
 239 0183 06       		.uleb128 0x6
 240 0184 3D060000 		.4byte	.LASF49
 241 0188 D100     		.sleb128 81
 242 018a 06       		.uleb128 0x6
 243 018b 4F030000 		.4byte	.LASF50
 244 018f D200     		.sleb128 82
 245 0191 06       		.uleb128 0x6
 246 0192 E7020000 		.4byte	.LASF51
 247 0196 D300     		.sleb128 83
 248 0198 06       		.uleb128 0x6
 249 0199 AA010000 		.4byte	.LASF52
 250 019d D400     		.sleb128 84
 251 019f 06       		.uleb128 0x6
 252 01a0 CB080000 		.4byte	.LASF53
 253 01a4 D500     		.sleb128 85
 254 01a6 06       		.uleb128 0x6
 255 01a7 60080000 		.4byte	.LASF54
 256 01ab D600     		.sleb128 86
 257 01ad 06       		.uleb128 0x6
 258 01ae 37080000 		.4byte	.LASF55
 259 01b2 D700     		.sleb128 87
 260 01b4 06       		.uleb128 0x6
 261 01b5 EE030000 		.4byte	.LASF56
 262 01b9 F000     		.sleb128 112
 263 01bb 06       		.uleb128 0x6
 264 01bc 33070000 		.4byte	.LASF57
 265 01c0 F100     		.sleb128 113
 266 01c2 06       		.uleb128 0x6
 267 01c3 F0050000 		.4byte	.LASF58
 268 01c7 F200     		.sleb128 114
 269 01c9 06       		.uleb128 0x6
 270 01ca E2010000 		.4byte	.LASF59
 271 01ce F300     		.sleb128 115
 272 01d0 06       		.uleb128 0x6
 273 01d1 C2030000 		.4byte	.LASF60
 274 01d5 F400     		.sleb128 116
 275 01d7 06       		.uleb128 0x6
 276 01d8 47050000 		.4byte	.LASF61
 277 01dc F500     		.sleb128 117
 278 01de 06       		.uleb128 0x6
 279 01df 00020000 		.4byte	.LASF62
 280 01e3 F600     		.sleb128 118
 281 01e5 06       		.uleb128 0x6
 282 01e6 14070000 		.4byte	.LASF63
 283 01ea F700     		.sleb128 119
 284 01ec 06       		.uleb128 0x6
 285 01ed 99060000 		.4byte	.LASF64
 286 01f1 F800     		.sleb128 120
 287 01f3 06       		.uleb128 0x6
 288 01f4 C3060000 		.4byte	.LASF65
 289 01f8 F900     		.sleb128 121
 290 01fa 06       		.uleb128 0x6
 291 01fb 01080000 		.4byte	.LASF66
ARM GAS  C:\Users\David\AppData\Local\Temp\cc85Jg5z.s 			page 8


 292 01ff FA00     		.sleb128 122
 293 0201 06       		.uleb128 0x6
 294 0202 7B060000 		.4byte	.LASF67
 295 0206 FA01     		.sleb128 250
 296 0208 06       		.uleb128 0x6
 297 0209 50040000 		.4byte	.LASF68
 298 020d FB01     		.sleb128 251
 299 020f 06       		.uleb128 0x6
 300 0210 E0030000 		.4byte	.LASF69
 301 0214 FF01     		.sleb128 255
 302 0216 00       		.byte	0
 303 0217 07       		.uleb128 0x7
 304 0218 A1080000 		.4byte	.LASF71
 305 021c 03       		.byte	0x3
 306 021d 6201     		.2byte	0x162
 307 021f 6B000000 		.4byte	0x6b
 308 0223 08       		.uleb128 0x8
 309 0224 04       		.byte	0x4
 310 0225 04       		.byte	0x4
 311 0226 3D       		.byte	0x3d
 312 0227 44020000 		.4byte	0x244
 313 022b 09       		.uleb128 0x9
 314 022c E6060000 		.4byte	.LASF72
 315 0230 04       		.byte	0x4
 316 0231 40       		.byte	0x40
 317 0232 17020000 		.4byte	0x217
 318 0236 00       		.byte	0
 319 0237 09       		.uleb128 0x9
 320 0238 78010000 		.4byte	.LASF73
 321 023c 04       		.byte	0x4
 322 023d 42       		.byte	0x42
 323 023e 44020000 		.4byte	0x244
 324 0242 02       		.byte	0x2
 325 0243 00       		.byte	0
 326 0244 0A       		.uleb128 0xa
 327 0245 17020000 		.4byte	0x217
 328 0249 54020000 		.4byte	0x254
 329 024d 0B       		.uleb128 0xb
 330 024e 8B000000 		.4byte	0x8b
 331 0252 00       		.byte	0
 332 0253 00       		.byte	0
 333 0254 04       		.uleb128 0x4
 334 0255 C9020000 		.4byte	.LASF74
 335 0259 04       		.byte	0x4
 336 025a 43       		.byte	0x43
 337 025b 23020000 		.4byte	0x223
 338 025f 08       		.uleb128 0x8
 339 0260 0A       		.byte	0xa
 340 0261 04       		.byte	0x4
 341 0262 46       		.byte	0x46
 342 0263 80020000 		.4byte	0x280
 343 0267 09       		.uleb128 0x9
 344 0268 09010000 		.4byte	.LASF75
 345 026c 04       		.byte	0x4
 346 026d 49       		.byte	0x49
 347 026e 17020000 		.4byte	0x217
 348 0272 00       		.byte	0
ARM GAS  C:\Users\David\AppData\Local\Temp\cc85Jg5z.s 			page 9


 349 0273 09       		.uleb128 0x9
 350 0274 22040000 		.4byte	.LASF76
 351 0278 04       		.byte	0x4
 352 0279 4C       		.byte	0x4c
 353 027a 80020000 		.4byte	0x280
 354 027e 02       		.byte	0x2
 355 027f 00       		.byte	0
 356 0280 0A       		.uleb128 0xa
 357 0281 54020000 		.4byte	0x254
 358 0285 90020000 		.4byte	0x290
 359 0289 0B       		.uleb128 0xb
 360 028a 8B000000 		.4byte	0x8b
 361 028e 01       		.byte	0x1
 362 028f 00       		.byte	0
 363 0290 04       		.uleb128 0x4
 364 0291 B2030000 		.4byte	.LASF77
 365 0295 04       		.byte	0x4
 366 0296 4D       		.byte	0x4d
 367 0297 5F020000 		.4byte	0x25f
 368 029b 0C       		.uleb128 0xc
 369 029c 2F010000 		.4byte	.LASF81
 370 02a0 01       		.byte	0x1
 371 02a1 51       		.byte	0x51
 372 02a2 00000000 		.4byte	.LFB2
 373 02a6 02000000 		.4byte	.LFE2-.LFB2
 374 02aa 01       		.uleb128 0x1
 375 02ab 9C       		.byte	0x9c
 376 02ac 0A       		.uleb128 0xa
 377 02ad 90020000 		.4byte	0x290
 378 02b1 BC020000 		.4byte	0x2bc
 379 02b5 0B       		.uleb128 0xb
 380 02b6 8B000000 		.4byte	0x8b
 381 02ba 00       		.byte	0
 382 02bb 00       		.byte	0
 383 02bc 0D       		.uleb128 0xd
 384 02bd BD080000 		.4byte	.LASF82
 385 02c1 01       		.byte	0x1
 386 02c2 19       		.byte	0x19
 387 02c3 CD020000 		.4byte	0x2cd
 388 02c7 05       		.uleb128 0x5
 389 02c8 03       		.byte	0x3
 390 02c9 00000000 		.4byte	cyBle_customs
 391 02cd 0E       		.uleb128 0xe
 392 02ce AC020000 		.4byte	0x2ac
 393 02d2 00       		.byte	0
 394              		.section	.debug_abbrev,"",%progbits
 395              	.Ldebug_abbrev0:
 396 0000 01       		.uleb128 0x1
 397 0001 11       		.uleb128 0x11
 398 0002 01       		.byte	0x1
 399 0003 25       		.uleb128 0x25
 400 0004 0E       		.uleb128 0xe
 401 0005 13       		.uleb128 0x13
 402 0006 0B       		.uleb128 0xb
 403 0007 03       		.uleb128 0x3
 404 0008 0E       		.uleb128 0xe
 405 0009 1B       		.uleb128 0x1b
ARM GAS  C:\Users\David\AppData\Local\Temp\cc85Jg5z.s 			page 10


 406 000a 0E       		.uleb128 0xe
 407 000b 55       		.uleb128 0x55
 408 000c 17       		.uleb128 0x17
 409 000d 11       		.uleb128 0x11
 410 000e 01       		.uleb128 0x1
 411 000f 10       		.uleb128 0x10
 412 0010 17       		.uleb128 0x17
 413 0011 00       		.byte	0
 414 0012 00       		.byte	0
 415 0013 02       		.uleb128 0x2
 416 0014 24       		.uleb128 0x24
 417 0015 00       		.byte	0
 418 0016 0B       		.uleb128 0xb
 419 0017 0B       		.uleb128 0xb
 420 0018 3E       		.uleb128 0x3e
 421 0019 0B       		.uleb128 0xb
 422 001a 03       		.uleb128 0x3
 423 001b 0E       		.uleb128 0xe
 424 001c 00       		.byte	0
 425 001d 00       		.byte	0
 426 001e 03       		.uleb128 0x3
 427 001f 24       		.uleb128 0x24
 428 0020 00       		.byte	0
 429 0021 0B       		.uleb128 0xb
 430 0022 0B       		.uleb128 0xb
 431 0023 3E       		.uleb128 0x3e
 432 0024 0B       		.uleb128 0xb
 433 0025 03       		.uleb128 0x3
 434 0026 08       		.uleb128 0x8
 435 0027 00       		.byte	0
 436 0028 00       		.byte	0
 437 0029 04       		.uleb128 0x4
 438 002a 16       		.uleb128 0x16
 439 002b 00       		.byte	0
 440 002c 03       		.uleb128 0x3
 441 002d 0E       		.uleb128 0xe
 442 002e 3A       		.uleb128 0x3a
 443 002f 0B       		.uleb128 0xb
 444 0030 3B       		.uleb128 0x3b
 445 0031 0B       		.uleb128 0xb
 446 0032 49       		.uleb128 0x49
 447 0033 13       		.uleb128 0x13
 448 0034 00       		.byte	0
 449 0035 00       		.byte	0
 450 0036 05       		.uleb128 0x5
 451 0037 04       		.uleb128 0x4
 452 0038 01       		.byte	0x1
 453 0039 0B       		.uleb128 0xb
 454 003a 0B       		.uleb128 0xb
 455 003b 3A       		.uleb128 0x3a
 456 003c 0B       		.uleb128 0xb
 457 003d 3B       		.uleb128 0x3b
 458 003e 0B       		.uleb128 0xb
 459 003f 01       		.uleb128 0x1
 460 0040 13       		.uleb128 0x13
 461 0041 00       		.byte	0
 462 0042 00       		.byte	0
ARM GAS  C:\Users\David\AppData\Local\Temp\cc85Jg5z.s 			page 11


 463 0043 06       		.uleb128 0x6
 464 0044 28       		.uleb128 0x28
 465 0045 00       		.byte	0
 466 0046 03       		.uleb128 0x3
 467 0047 0E       		.uleb128 0xe
 468 0048 1C       		.uleb128 0x1c
 469 0049 0D       		.uleb128 0xd
 470 004a 00       		.byte	0
 471 004b 00       		.byte	0
 472 004c 07       		.uleb128 0x7
 473 004d 16       		.uleb128 0x16
 474 004e 00       		.byte	0
 475 004f 03       		.uleb128 0x3
 476 0050 0E       		.uleb128 0xe
 477 0051 3A       		.uleb128 0x3a
 478 0052 0B       		.uleb128 0xb
 479 0053 3B       		.uleb128 0x3b
 480 0054 05       		.uleb128 0x5
 481 0055 49       		.uleb128 0x49
 482 0056 13       		.uleb128 0x13
 483 0057 00       		.byte	0
 484 0058 00       		.byte	0
 485 0059 08       		.uleb128 0x8
 486 005a 13       		.uleb128 0x13
 487 005b 01       		.byte	0x1
 488 005c 0B       		.uleb128 0xb
 489 005d 0B       		.uleb128 0xb
 490 005e 3A       		.uleb128 0x3a
 491 005f 0B       		.uleb128 0xb
 492 0060 3B       		.uleb128 0x3b
 493 0061 0B       		.uleb128 0xb
 494 0062 01       		.uleb128 0x1
 495 0063 13       		.uleb128 0x13
 496 0064 00       		.byte	0
 497 0065 00       		.byte	0
 498 0066 09       		.uleb128 0x9
 499 0067 0D       		.uleb128 0xd
 500 0068 00       		.byte	0
 501 0069 03       		.uleb128 0x3
 502 006a 0E       		.uleb128 0xe
 503 006b 3A       		.uleb128 0x3a
 504 006c 0B       		.uleb128 0xb
 505 006d 3B       		.uleb128 0x3b
 506 006e 0B       		.uleb128 0xb
 507 006f 49       		.uleb128 0x49
 508 0070 13       		.uleb128 0x13
 509 0071 38       		.uleb128 0x38
 510 0072 0B       		.uleb128 0xb
 511 0073 00       		.byte	0
 512 0074 00       		.byte	0
 513 0075 0A       		.uleb128 0xa
 514 0076 01       		.uleb128 0x1
 515 0077 01       		.byte	0x1
 516 0078 49       		.uleb128 0x49
 517 0079 13       		.uleb128 0x13
 518 007a 01       		.uleb128 0x1
 519 007b 13       		.uleb128 0x13
ARM GAS  C:\Users\David\AppData\Local\Temp\cc85Jg5z.s 			page 12


 520 007c 00       		.byte	0
 521 007d 00       		.byte	0
 522 007e 0B       		.uleb128 0xb
 523 007f 21       		.uleb128 0x21
 524 0080 00       		.byte	0
 525 0081 49       		.uleb128 0x49
 526 0082 13       		.uleb128 0x13
 527 0083 2F       		.uleb128 0x2f
 528 0084 0B       		.uleb128 0xb
 529 0085 00       		.byte	0
 530 0086 00       		.byte	0
 531 0087 0C       		.uleb128 0xc
 532 0088 2E       		.uleb128 0x2e
 533 0089 00       		.byte	0
 534 008a 3F       		.uleb128 0x3f
 535 008b 19       		.uleb128 0x19
 536 008c 03       		.uleb128 0x3
 537 008d 0E       		.uleb128 0xe
 538 008e 3A       		.uleb128 0x3a
 539 008f 0B       		.uleb128 0xb
 540 0090 3B       		.uleb128 0x3b
 541 0091 0B       		.uleb128 0xb
 542 0092 27       		.uleb128 0x27
 543 0093 19       		.uleb128 0x19
 544 0094 11       		.uleb128 0x11
 545 0095 01       		.uleb128 0x1
 546 0096 12       		.uleb128 0x12
 547 0097 06       		.uleb128 0x6
 548 0098 40       		.uleb128 0x40
 549 0099 18       		.uleb128 0x18
 550 009a 9742     		.uleb128 0x2117
 551 009c 19       		.uleb128 0x19
 552 009d 00       		.byte	0
 553 009e 00       		.byte	0
 554 009f 0D       		.uleb128 0xd
 555 00a0 34       		.uleb128 0x34
 556 00a1 00       		.byte	0
 557 00a2 03       		.uleb128 0x3
 558 00a3 0E       		.uleb128 0xe
 559 00a4 3A       		.uleb128 0x3a
 560 00a5 0B       		.uleb128 0xb
 561 00a6 3B       		.uleb128 0x3b
 562 00a7 0B       		.uleb128 0xb
 563 00a8 49       		.uleb128 0x49
 564 00a9 13       		.uleb128 0x13
 565 00aa 3F       		.uleb128 0x3f
 566 00ab 19       		.uleb128 0x19
 567 00ac 02       		.uleb128 0x2
 568 00ad 18       		.uleb128 0x18
 569 00ae 00       		.byte	0
 570 00af 00       		.byte	0
 571 00b0 0E       		.uleb128 0xe
 572 00b1 26       		.uleb128 0x26
 573 00b2 00       		.byte	0
 574 00b3 49       		.uleb128 0x49
 575 00b4 13       		.uleb128 0x13
 576 00b5 00       		.byte	0
ARM GAS  C:\Users\David\AppData\Local\Temp\cc85Jg5z.s 			page 13


 577 00b6 00       		.byte	0
 578 00b7 00       		.byte	0
 579              		.section	.debug_aranges,"",%progbits
 580 0000 1C000000 		.4byte	0x1c
 581 0004 0200     		.2byte	0x2
 582 0006 00000000 		.4byte	.Ldebug_info0
 583 000a 04       		.byte	0x4
 584 000b 00       		.byte	0
 585 000c 0000     		.2byte	0
 586 000e 0000     		.2byte	0
 587 0010 00000000 		.4byte	.LFB2
 588 0014 02000000 		.4byte	.LFE2-.LFB2
 589 0018 00000000 		.4byte	0
 590 001c 00000000 		.4byte	0
 591              		.section	.debug_ranges,"",%progbits
 592              	.Ldebug_ranges0:
 593 0000 00000000 		.4byte	.LFB2
 594 0004 02000000 		.4byte	.LFE2
 595 0008 00000000 		.4byte	0
 596 000c 00000000 		.4byte	0
 597              		.section	.debug_line,"",%progbits
 598              	.Ldebug_line0:
 599 0000 94000000 		.section	.debug_str,"MS",%progbits,1
 599      02007B00 
 599      00000201 
 599      FB0E0D00 
 599      01010101 
 600              	.LASF21:
 601 0000 4359424C 		.ascii	"CYBLE_EVT_GAP_PASSKEY_ENTRY_REQUEST\000"
 601      455F4556 
 601      545F4741 
 601      505F5041 
 601      53534B45 
 602              	.LASF27:
 603 0024 4359424C 		.ascii	"CYBLE_EVT_GAP_DEVICE_DISCONNECTED\000"
 603      455F4556 
 603      545F4741 
 603      505F4445 
 603      56494345 
 604              	.LASF2:
 605 0046 73686F72 		.ascii	"short int\000"
 605      7420696E 
 605      7400
 606              	.LASF24:
 607 0050 4359424C 		.ascii	"CYBLE_EVT_GAP_AUTH_FAILED\000"
 607      455F4556 
 607      545F4741 
 607      505F4155 
 607      54485F46 
 608              	.LASF78:
 609 006a 474E5520 		.ascii	"GNU C 4.8.4 20140526 (release) [ARM/embedded-4_8-br"
 609      4320342E 
 609      382E3420 
 609      32303134 
 609      30353236 
 610 009d 616E6368 		.ascii	"anch revision 211358] -mcpu=cortex-m0 -mthumb -g -O"
 610      20726576 
ARM GAS  C:\Users\David\AppData\Local\Temp\cc85Jg5z.s 			page 14


 610      6973696F 
 610      6E203231 
 610      31333538 
 611 00d0 67202D66 		.ascii	"g -ffunction-sections\000"
 611      66756E63 
 611      74696F6E 
 611      2D736563 
 611      74696F6E 
 612              	.LASF12:
 613 00e6 73697A65 		.ascii	"sizetype\000"
 613      74797065 
 613      00
 614              	.LASF32:
 615 00ef 4359424C 		.ascii	"CYBLE_EVT_GATTC_ERROR_RSP\000"
 615      455F4556 
 615      545F4741 
 615      5454435F 
 615      4552524F 
 616              	.LASF75:
 617 0109 63757374 		.ascii	"customServHandle\000"
 617      6F6D5365 
 617      72764861 
 617      6E646C65 
 617      00
 618              	.LASF17:
 619 011a 4359424C 		.ascii	"CYBLE_EVT_HCI_STATUS\000"
 619      455F4556 
 619      545F4843 
 619      495F5354 
 619      41545553 
 620              	.LASF81:
 621 012f 4379426C 		.ascii	"CyBle_CustomInit\000"
 621      655F4375 
 621      73746F6D 
 621      496E6974 
 621      00
 622              	.LASF14:
 623 0140 4359424C 		.ascii	"CYBLE_EVT_STACK_ON\000"
 623      455F4556 
 623      545F5354 
 623      41434B5F 
 623      4F4E00
 624              	.LASF35:
 625 0153 4359424C 		.ascii	"CYBLE_EVT_GATTS_XCNHG_MTU_REQ\000"
 625      455F4556 
 625      545F4741 
 625      5454535F 
 625      58434E48 
 626              	.LASF70:
 627 0171 75696E74 		.ascii	"uint16\000"
 627      313600
 628              	.LASF73:
 629 0178 63757374 		.ascii	"customServCharDesc\000"
 629      6F6D5365 
 629      72764368 
 629      61724465 
 629      736300
ARM GAS  C:\Users\David\AppData\Local\Temp\cc85Jg5z.s 			page 15


 630              	.LASF43:
 631 018b 4359424C 		.ascii	"CYBLE_EVT_GATTC_READ_MULTI_RSP\000"
 631      455F4556 
 631      545F4741 
 631      5454435F 
 631      52454144 
 632              	.LASF52:
 633 01aa 4359424C 		.ascii	"CYBLE_EVT_GATTS_HANDLE_VALUE_CNF\000"
 633      455F4556 
 633      545F4741 
 633      5454535F 
 633      48414E44 
 634              	.LASF13:
 635 01cb 4359424C 		.ascii	"CYBLE_EVT_HOST_INVALID\000"
 635      455F4556 
 635      545F484F 
 635      53545F49 
 635      4E56414C 
 636              	.LASF59:
 637 01e2 4359424C 		.ascii	"CYBLE_EVT_L2CAP_CBFC_CONN_IND\000"
 637      455F4556 
 637      545F4C32 
 637      4341505F 
 637      43424643 
 638              	.LASF62:
 639 0200 4359424C 		.ascii	"CYBLE_EVT_L2CAP_CBFC_DISCONN_CNF\000"
 639      455F4556 
 639      545F4C32 
 639      4341505F 
 639      43424643 
 640              	.LASF79:
 641 0221 2E5C4765 		.ascii	".\\Generated_Source\\PSoC4\\BLE_custom.c\000"
 641      6E657261 
 641      7465645F 
 641      536F7572 
 641      63655C50 
 642              	.LASF9:
 643 0247 666C6F61 		.ascii	"float\000"
 643      7400
 644              	.LASF80:
 645 024d 433A5C55 		.ascii	"C:\\Users\\David\\Documents\\GitHub\\Datson\\Firmwa"
 645      73657273 
 645      5C446176 
 645      69645C44 
 645      6F63756D 
 646 027a 72655C44 		.ascii	"re\\Datson.cydsn\000"
 646      6174736F 
 646      6E2E6379 
 646      64736E00 
 647              	.LASF45:
 648 028a 4359424C 		.ascii	"CYBLE_EVT_GATTC_WRITE_RSP\000"
 648      455F4556 
 648      545F4741 
 648      5454435F 
 648      57524954 
 649              	.LASF6:
 650 02a4 6C6F6E67 		.ascii	"long long int\000"
ARM GAS  C:\Users\David\AppData\Local\Temp\cc85Jg5z.s 			page 16


 650      206C6F6E 
 650      6720696E 
 650      7400
 651              	.LASF7:
 652 02b2 6C6F6E67 		.ascii	"long long unsigned int\000"
 652      206C6F6E 
 652      6720756E 
 652      7369676E 
 652      65642069 
 653              	.LASF74:
 654 02c9 4359424C 		.ascii	"CYBLE_CUSTOMS_INFO_T\000"
 654      455F4355 
 654      53544F4D 
 654      535F494E 
 654      464F5F54 
 655              	.LASF4:
 656 02de 6C6F6E67 		.ascii	"long int\000"
 656      20696E74 
 656      00
 657              	.LASF51:
 658 02e7 4359424C 		.ascii	"CYBLE_EVT_GATTC_HANDLE_VALUE_IND\000"
 658      455F4556 
 658      545F4741 
 658      5454435F 
 658      48414E44 
 659              	.LASF26:
 660 0308 4359424C 		.ascii	"CYBLE_EVT_GAP_DEVICE_CONNECTED\000"
 660      455F4556 
 660      545F4741 
 660      505F4445 
 660      56494345 
 661              	.LASF25:
 662 0327 4359424C 		.ascii	"CYBLE_EVT_GAPP_ADVERTISEMENT_START_STOP\000"
 662      455F4556 
 662      545F4741 
 662      50505F41 
 662      44564552 
 663              	.LASF50:
 664 034f 4359424C 		.ascii	"CYBLE_EVT_GATTC_HANDLE_VALUE_NTF\000"
 664      455F4556 
 664      545F4741 
 664      5454435F 
 664      48414E44 
 665              	.LASF18:
 666 0370 4359424C 		.ascii	"CYBLE_EVT_STACK_BUSY_STATUS\000"
 666      455F4556 
 666      545F5354 
 666      41434B5F 
 666      42555359 
 667              	.LASF22:
 668 038c 4359424C 		.ascii	"CYBLE_EVT_GAP_PASSKEY_DISPLAY_REQUEST\000"
 668      455F4556 
 668      545F4741 
 668      505F5041 
 668      53534B45 
 669              	.LASF77:
 670 03b2 4359424C 		.ascii	"CYBLE_CUSTOMS_T\000"
ARM GAS  C:\Users\David\AppData\Local\Temp\cc85Jg5z.s 			page 17


 670      455F4355 
 670      53544F4D 
 670      535F5400 
 671              	.LASF60:
 672 03c2 4359424C 		.ascii	"CYBLE_EVT_L2CAP_CBFC_CONN_CNF\000"
 672      455F4556 
 672      545F4C32 
 672      4341505F 
 672      43424643 
 673              	.LASF69:
 674 03e0 4359424C 		.ascii	"CYBLE_EVT_MAX\000"
 674      455F4556 
 674      545F4D41 
 674      5800
 675              	.LASF56:
 676 03ee 4359424C 		.ascii	"CYBLE_EVT_L2CAP_CONN_PARAM_UPDATE_REQ\000"
 676      455F4556 
 676      545F4C32 
 676      4341505F 
 676      434F4E4E 
 677              	.LASF1:
 678 0414 756E7369 		.ascii	"unsigned char\000"
 678      676E6564 
 678      20636861 
 678      7200
 679              	.LASF76:
 680 0422 63757374 		.ascii	"customServInfo\000"
 680      6F6D5365 
 680      7276496E 
 680      666F00
 681              	.LASF47:
 682 0431 4359424C 		.ascii	"CYBLE_EVT_GATTS_PREP_WRITE_REQ\000"
 682      455F4556 
 682      545F4741 
 682      5454535F 
 682      50524550 
 683              	.LASF68:
 684 0450 4359424C 		.ascii	"CYBLE_EVT_LE_PING_AUTH_TIMEOUT\000"
 684      455F4556 
 684      545F4C45 
 684      5F50494E 
 684      475F4155 
 685              	.LASF39:
 686 046f 4359424C 		.ascii	"CYBLE_EVT_GATTC_FIND_INFO_RSP\000"
 686      455F4556 
 686      545F4741 
 686      5454435F 
 686      46494E44 
 687              	.LASF0:
 688 048d 7369676E 		.ascii	"signed char\000"
 688      65642063 
 688      68617200 
 689              	.LASF44:
 690 0499 4359424C 		.ascii	"CYBLE_EVT_GATTS_WRITE_REQ\000"
 690      455F4556 
 690      545F4741 
 690      5454535F 
ARM GAS  C:\Users\David\AppData\Local\Temp\cc85Jg5z.s 			page 18


 690      57524954 
 691              	.LASF40:
 692 04b3 4359424C 		.ascii	"CYBLE_EVT_GATTC_FIND_BY_TYPE_VALUE_RSP\000"
 692      455F4556 
 692      545F4741 
 692      5454435F 
 692      46494E44 
 693              	.LASF23:
 694 04da 4359424C 		.ascii	"CYBLE_EVT_GAP_AUTH_COMPLETE\000"
 694      455F4556 
 694      545F4741 
 694      505F4155 
 694      54485F43 
 695              	.LASF8:
 696 04f6 756E7369 		.ascii	"unsigned int\000"
 696      676E6564 
 696      20696E74 
 696      00
 697              	.LASF33:
 698 0503 4359424C 		.ascii	"CYBLE_EVT_GATT_CONNECT_IND\000"
 698      455F4556 
 698      545F4741 
 698      54545F43 
 698      4F4E4E45 
 699              	.LASF5:
 700 051e 6C6F6E67 		.ascii	"long unsigned int\000"
 700      20756E73 
 700      69676E65 
 700      6420696E 
 700      7400
 701              	.LASF20:
 702 0530 4359424C 		.ascii	"CYBLE_EVT_GAP_AUTH_REQ\000"
 702      455F4556 
 702      545F4741 
 702      505F4155 
 702      54485F52 
 703              	.LASF61:
 704 0547 4359424C 		.ascii	"CYBLE_EVT_L2CAP_CBFC_DISCONN_IND\000"
 704      455F4556 
 704      545F4C32 
 704      4341505F 
 704      43424643 
 705              	.LASF28:
 706 0568 4359424C 		.ascii	"CYBLE_EVT_GAP_ENCRYPT_CHANGE\000"
 706      455F4556 
 706      545F4741 
 706      505F454E 
 706      43525950 
 707              	.LASF41:
 708 0585 4359424C 		.ascii	"CYBLE_EVT_GATTC_READ_RSP\000"
 708      455F4556 
 708      545F4741 
 708      5454435F 
 708      52454144 
 709              	.LASF31:
 710 059e 4359424C 		.ascii	"CYBLE_EVT_GAP_KEYINFO_EXCHNGE_CMPLT\000"
 710      455F4556 
ARM GAS  C:\Users\David\AppData\Local\Temp\cc85Jg5z.s 			page 19


 710      545F4741 
 710      505F4B45 
 710      59494E46 
 711              	.LASF29:
 712 05c2 4359424C 		.ascii	"CYBLE_EVT_GAP_CONNECTION_UPDATE_COMPLETE\000"
 712      455F4556 
 712      545F4741 
 712      505F434F 
 712      4E4E4543 
 713              	.LASF11:
 714 05eb 63686172 		.ascii	"char\000"
 714      00
 715              	.LASF58:
 716 05f0 4359424C 		.ascii	"CYBLE_EVT_L2CAP_COMMAND_REJ\000"
 716      455F4556 
 716      545F4C32 
 716      4341505F 
 716      434F4D4D 
 717              	.LASF3:
 718 060c 73686F72 		.ascii	"short unsigned int\000"
 718      7420756E 
 718      7369676E 
 718      65642069 
 718      6E7400
 719              	.LASF42:
 720 061f 4359424C 		.ascii	"CYBLE_EVT_GATTC_READ_BLOB_RSP\000"
 720      455F4556 
 720      545F4741 
 720      5454435F 
 720      52454144 
 721              	.LASF49:
 722 063d 4359424C 		.ascii	"CYBLE_EVT_GATTC_EXEC_WRITE_RSP\000"
 722      455F4556 
 722      545F4741 
 722      5454435F 
 722      45584543 
 723              	.LASF30:
 724 065c 4359424C 		.ascii	"CYBLE_EVT_GAPC_SCAN_START_STOP\000"
 724      455F4556 
 724      545F4741 
 724      50435F53 
 724      43414E5F 
 725              	.LASF67:
 726 067b 4359424C 		.ascii	"CYBLE_EVT_PENDING_FLASH_WRITE\000"
 726      455F4556 
 726      545F5045 
 726      4E44494E 
 726      475F464C 
 727              	.LASF64:
 728 0699 4359424C 		.ascii	"CYBLE_EVT_L2CAP_CBFC_RX_CREDIT_IND\000"
 728      455F4556 
 728      545F4C32 
 728      4341505F 
 728      43424643 
 729              	.LASF10:
 730 06bc 646F7562 		.ascii	"double\000"
 730      6C6500
ARM GAS  C:\Users\David\AppData\Local\Temp\cc85Jg5z.s 			page 20


 731              	.LASF65:
 732 06c3 4359424C 		.ascii	"CYBLE_EVT_L2CAP_CBFC_TX_CREDIT_IND\000"
 732      455F4556 
 732      545F4C32 
 732      4341505F 
 732      43424643 
 733              	.LASF72:
 734 06e6 63757374 		.ascii	"customServCharHandle\000"
 734      6F6D5365 
 734      72764368 
 734      61724861 
 734      6E646C65 
 735              	.LASF16:
 736 06fb 4359424C 		.ascii	"CYBLE_EVT_HARDWARE_ERROR\000"
 736      455F4556 
 736      545F4841 
 736      52445741 
 736      52455F45 
 737              	.LASF63:
 738 0714 4359424C 		.ascii	"CYBLE_EVT_L2CAP_CBFC_DATA_READ\000"
 738      455F4556 
 738      545F4C32 
 738      4341505F 
 738      43424643 
 739              	.LASF57:
 740 0733 4359424C 		.ascii	"CYBLE_EVT_L2CAP_CONN_PARAM_UPDATE_RSP\000"
 740      455F4556 
 740      545F4C32 
 740      4341505F 
 740      434F4E4E 
 741              	.LASF19:
 742 0759 4359424C 		.ascii	"CYBLE_EVT_GAPC_SCAN_PROGRESS_RESULT\000"
 742      455F4556 
 742      545F4741 
 742      50435F53 
 742      43414E5F 
 743              	.LASF37:
 744 077d 4359424C 		.ascii	"CYBLE_EVT_GATTC_READ_BY_GROUP_TYPE_RSP\000"
 744      455F4556 
 744      545F4741 
 744      5454435F 
 744      52454144 
 745              	.LASF46:
 746 07a4 4359424C 		.ascii	"CYBLE_EVT_GATTS_WRITE_CMD_REQ\000"
 746      455F4556 
 746      545F4741 
 746      5454535F 
 746      57524954 
 747              	.LASF38:
 748 07c2 4359424C 		.ascii	"CYBLE_EVT_GATTC_READ_BY_TYPE_RSP\000"
 748      455F4556 
 748      545F4741 
 748      5454435F 
 748      52454144 
 749              	.LASF36:
 750 07e3 4359424C 		.ascii	"CYBLE_EVT_GATTC_XCHNG_MTU_RSP\000"
 750      455F4556 
ARM GAS  C:\Users\David\AppData\Local\Temp\cc85Jg5z.s 			page 21


 750      545F4741 
 750      5454435F 
 750      5843484E 
 751              	.LASF66:
 752 0801 4359424C 		.ascii	"CYBLE_EVT_L2CAP_CBFC_DATA_WRITE_IND\000"
 752      455F4556 
 752      545F4C32 
 752      4341505F 
 752      43424643 
 753              	.LASF15:
 754 0825 4359424C 		.ascii	"CYBLE_EVT_TIMEOUT\000"
 754      455F4556 
 754      545F5449 
 754      4D454F55 
 754      5400
 755              	.LASF55:
 756 0837 4359424C 		.ascii	"CYBLE_EVT_GATTS_READ_CHAR_VAL_ACCESS_REQ\000"
 756      455F4556 
 756      545F4741 
 756      5454535F 
 756      52454144 
 757              	.LASF54:
 758 0860 4359424C 		.ascii	"CYBLE_EVT_GATTC_STOP_CMD_COMPLETE\000"
 758      455F4556 
 758      545F4741 
 758      5454435F 
 758      53544F50 
 759              	.LASF48:
 760 0882 4359424C 		.ascii	"CYBLE_EVT_GATTS_EXEC_WRITE_REQ\000"
 760      455F4556 
 760      545F4741 
 760      5454535F 
 760      45584543 
 761              	.LASF71:
 762 08a1 4359424C 		.ascii	"CYBLE_GATT_DB_ATTR_HANDLE_T\000"
 762      455F4741 
 762      54545F44 
 762      425F4154 
 762      54525F48 
 763              	.LASF82:
 764 08bd 6379426C 		.ascii	"cyBle_customs\000"
 764      655F6375 
 764      73746F6D 
 764      7300
 765              	.LASF53:
 766 08cb 4359424C 		.ascii	"CYBLE_EVT_GATTS_DATA_SIGNED_CMD_REQ\000"
 766      455F4556 
 766      545F4741 
 766      5454535F 
 766      44415441 
 767              	.LASF34:
 768 08ef 4359424C 		.ascii	"CYBLE_EVT_GATT_DISCONNECT_IND\000"
 768      455F4556 
 768      545F4741 
 768      54545F44 
 768      4953434F 
 769              		.ident	"GCC: (GNU Tools for ARM Embedded Processors) 4.8.4 20140526 (release) [ARM/embedded-4_8-br
ARM GAS  C:\Users\David\AppData\Local\Temp\cc85Jg5z.s 			page 22


