ARM GAS  C:\Users\David\AppData\Local\Temp\ccCqDwUD.s 			page 1


   1              		.cpu cortex-m0
   2              		.fpu softvfp
   3              		.eabi_attribute 20, 1
   4              		.eabi_attribute 21, 1
   5              		.eabi_attribute 23, 3
   6              		.eabi_attribute 24, 1
   7              		.eabi_attribute 25, 1
   8              		.eabi_attribute 26, 1
   9              		.eabi_attribute 30, 1
  10              		.eabi_attribute 34, 0
  11              		.eabi_attribute 18, 4
  12              		.code	16
  13              		.file	"SerialComunicationService.c"
  14              		.text
  15              	.Ltext0:
  16              		.cfi_sections	.debug_frame
  17              		.section	.text.SerialCommunicationInit,"ax",%progbits
  18              		.align	2
  19              		.global	SerialCommunicationInit
  20              		.code	16
  21              		.thumb_func
  22              		.type	SerialCommunicationInit, %function
  23              	SerialCommunicationInit:
  24              	.LFB35:
  25              		.file 1 ".\\SerialComunicationService.c"
   1:.\SerialComunicationService.c **** /*****************************************************************************
   2:.\SerialComunicationService.c **** * Included headers
   3:.\SerialComunicationService.c **** *****************************************************************************/
   4:.\SerialComunicationService.c **** #include "SerialCommunicationService.h"
   5:.\SerialComunicationService.c **** 
   6:.\SerialComunicationService.c **** /*******************************************************************************
   7:.\SerialComunicationService.c **** * Constants
   8:.\SerialComunicationService.c **** *******************************************************************************/
   9:.\SerialComunicationService.c **** #define MAXIMUM_PACKET_COUNT_PER_CONNECTION_INTERVAL (4) //4 for android OS, source: forums...
  10:.\SerialComunicationService.c **** /*Characteristic handle definitions*/
  11:.\SerialComunicationService.c **** #define SERIAL_COMMUNICATION_SERVICE_RX_HANDLE  (cyBle_customs[CYBLE_SERIAL_PORT_SERVICE_INDEX]).cu
  12:.\SerialComunicationService.c **** #define TX_CHARACTERISTIC_HANDLE (cyBle_customs[CYBLE_SERIAL_PORT_SERVICE_INDEX])  \
  13:.\SerialComunicationService.c ****                                 .customServiceInfo[CYBLE_SERIAL_PORT_TX_CHAR_INDEX]\
  14:.\SerialComunicationService.c ****                                 .customServiceCharDescriptors[CYBLE_SERIAL_PORT_TX_CLIENT_CHARACTER
  15:.\SerialComunicationService.c **** 
  16:.\SerialComunicationService.c **** /*******************************************************************************
  17:.\SerialComunicationService.c **** * Public Function
  18:.\SerialComunicationService.c **** *******************************************************************************/
  19:.\SerialComunicationService.c **** /*******************************************************************************
  20:.\SerialComunicationService.c **** * Function Name: SerialCommunicationInit
  21:.\SerialComunicationService.c **** ********************************************************************************
  22:.\SerialComunicationService.c **** *
  23:.\SerialComunicationService.c **** * Summary:
  24:.\SerialComunicationService.c **** *  Initialize serial communication service structure
  25:.\SerialComunicationService.c **** *
  26:.\SerialComunicationService.c **** * Parameters:
  27:.\SerialComunicationService.c **** *  serial - Serial communication service structure
  28:.\SerialComunicationService.c **** *
  29:.\SerialComunicationService.c **** * Return:
  30:.\SerialComunicationService.c **** *  None
  31:.\SerialComunicationService.c **** *
  32:.\SerialComunicationService.c **** *******************************************************************************/
ARM GAS  C:\Users\David\AppData\Local\Temp\ccCqDwUD.s 			page 2


  33:.\SerialComunicationService.c **** void SerialCommunicationInit(serialCommunicaitonService_t* serial){
  26              		.loc 1 33 0
  27              		.cfi_startproc
  28              	.LVL0:
  34:.\SerialComunicationService.c **** 
  35:.\SerialComunicationService.c **** }
  29              		.loc 1 35 0
  30              		@ sp needed
  31 0000 7047     		bx	lr
  32              		.cfi_endproc
  33              	.LFE35:
  34              		.size	SerialCommunicationInit, .-SerialCommunicationInit
  35 0002 C046     		.section	.text.SerialCommunicationServiceCharacteristicHandler,"ax",%progbits
  36              		.align	2
  37              		.global	SerialCommunicationServiceCharacteristicHandler
  38              		.code	16
  39              		.thumb_func
  40              		.type	SerialCommunicationServiceCharacteristicHandler, %function
  41              	SerialCommunicationServiceCharacteristicHandler:
  42              	.LFB36:
  36:.\SerialComunicationService.c **** 
  37:.\SerialComunicationService.c **** /*******************************************************************************
  38:.\SerialComunicationService.c **** * Function Name: SerialCommunicationServiceCharacteristicHandler
  39:.\SerialComunicationService.c **** ********************************************************************************
  40:.\SerialComunicationService.c **** *
  41:.\SerialComunicationService.c **** * Summary:
  42:.\SerialComunicationService.c **** *  Handle serial communication service characteristics
  43:.\SerialComunicationService.c **** *
  44:.\SerialComunicationService.c **** * Parameters:
  45:.\SerialComunicationService.c **** *  serial - Serial communication service structure
  46:.\SerialComunicationService.c **** *  eventParam - Event parameter from main event handler
  47:.\SerialComunicationService.c **** *
  48:.\SerialComunicationService.c **** * Return:
  49:.\SerialComunicationService.c **** *  int16_t status
  50:.\SerialComunicationService.c **** *
  51:.\SerialComunicationService.c **** *******************************************************************************/
  52:.\SerialComunicationService.c **** int16_t SerialCommunicationServiceCharacteristicHandler(serialCommunicaitonService_t* serial, void*
  43              		.loc 1 52 0
  44              		.cfi_startproc
  45              	.LVL1:
  53:.\SerialComunicationService.c ****     int16_t status = 0;
  54:.\SerialComunicationService.c ****     /*Received handle to characteristic*/
  55:.\SerialComunicationService.c ****     CYBLE_GATT_DB_ATTR_HANDLE_T handle = ((CYBLE_GATTS_WRITE_REQ_PARAM_T *)eventParam)->handleValPa
  46              		.loc 1 55 0
  47 0000 8B89     		ldrh	r3, [r1, #12]
  48              	.LVL2:
  56:.\SerialComunicationService.c **** 
  57:.\SerialComunicationService.c ****     /* Send command*/
  58:.\SerialComunicationService.c ****     if(handle == SERIAL_COMMUNICATION_SERVICE_RX_HANDLE){
  49              		.loc 1 58 0
  50 0002 044A     		ldr	r2, .L5
  51 0004 5288     		ldrh	r2, [r2, #2]
  52 0006 9A42     		cmp	r2, r3
  53 0008 01D1     		bne	.L4
  53:.\SerialComunicationService.c ****     int16_t status = 0;
  54              		.loc 1 53 0
  55 000a 0020     		mov	r0, #0
ARM GAS  C:\Users\David\AppData\Local\Temp\ccCqDwUD.s 			page 3


  56              	.LVL3:
  57 000c 00E0     		b	.L3
  58              	.LVL4:
  59              	.L4:
  59:.\SerialComunicationService.c ****         /*Should load data in a buffer*/
  60:.\SerialComunicationService.c ****     /*CommandManagerSendPassthroughtCommand(command->hexoskinManager, 
  61:.\SerialComunicationService.c ****                                         ((CYBLE_GATTS_WRITE_REQ_PARAM_T *)eventParam)->handleValPai
  62:.\SerialComunicationService.c ****                                         ((CYBLE_GATTS_WRITE_REQ_PARAM_T *)eventParam)->handleValPai
  63:.\SerialComunicationService.c ****     }
  64:.\SerialComunicationService.c ****     else{
  65:.\SerialComunicationService.c ****         status = -1;
  60              		.loc 1 65 0
  61 000e 0248     		ldr	r0, .L5+4
  62              	.LVL5:
  63              	.L3:
  66:.\SerialComunicationService.c ****     }
  67:.\SerialComunicationService.c ****     return status;
  64              		.loc 1 67 0
  65 0010 00B2     		sxth	r0, r0
  66              	.LVL6:
  68:.\SerialComunicationService.c **** }
  67              		.loc 1 68 0
  68              		@ sp needed
  69 0012 7047     		bx	lr
  70              	.L6:
  71              		.align	2
  72              	.L5:
  73 0014 00000000 		.word	cyBle_customs
  74 0018 FFFF0000 		.word	65535
  75              		.cfi_endproc
  76              	.LFE36:
  77              		.size	SerialCommunicationServiceCharacteristicHandler, .-SerialCommunicationServiceCharacteristicH
  78              		.section	.text.SerialCommunicationServiceTxNotificationCCCD,"ax",%progbits
  79              		.align	2
  80              		.global	SerialCommunicationServiceTxNotificationCCCD
  81              		.code	16
  82              		.thumb_func
  83              		.type	SerialCommunicationServiceTxNotificationCCCD, %function
  84              	SerialCommunicationServiceTxNotificationCCCD:
  85              	.LFB37:
  69:.\SerialComunicationService.c **** 
  70:.\SerialComunicationService.c **** /*******************************************************************************
  71:.\SerialComunicationService.c **** * Function Name: SerialCommunicationServiceTxNotificationCCCD
  72:.\SerialComunicationService.c **** ********************************************************************************
  73:.\SerialComunicationService.c **** *
  74:.\SerialComunicationService.c **** * Summary:
  75:.\SerialComunicationService.c **** *  Function that send a tx notification
  76:.\SerialComunicationService.c **** *
  77:.\SerialComunicationService.c **** * Parameters:
  78:.\SerialComunicationService.c **** *  serial - Serial communication service structure
  79:.\SerialComunicationService.c **** *  dataLength - length of the data to send. Between ]0, DATA_PACKET_SIZE]
  80:.\SerialComunicationService.c **** *
  81:.\SerialComunicationService.c **** * Return:
  82:.\SerialComunicationService.c **** *  int16_t - status
  83:.\SerialComunicationService.c **** *
  84:.\SerialComunicationService.c **** *******************************************************************************/
  85:.\SerialComunicationService.c **** int16_t SerialCommunicationServiceTxNotificationCCCD(serialCommunicaitonService_t* serial, uint8_t 
ARM GAS  C:\Users\David\AppData\Local\Temp\ccCqDwUD.s 			page 4


  86              		.loc 1 85 0
  87              		.cfi_startproc
  88              	.LVL7:
  89 0000 00B5     		push	{lr}
  90              		.cfi_def_cfa_offset 4
  91              		.cfi_offset 14, -4
  92 0002 85B0     		sub	sp, sp, #20
  93              		.cfi_def_cfa_offset 24
  94              	.LVL8:
  86:.\SerialComunicationService.c ****     CYBLE_GATTS_HANDLE_VALUE_NTF_T		notificationHandle;
  87:.\SerialComunicationService.c ****     int16_t status = 0;
  88:.\SerialComunicationService.c ****     
  89:.\SerialComunicationService.c ****     if((serial->txNotify == SERIAL_COMMUNICAITON_NOTIFICATION_ENABLE) && (CyBle_GattGetBusyStatus()
  95              		.loc 1 89 0
  96 0004 037D     		ldrb	r3, [r0, #20]
  97 0006 012B     		cmp	r3, #1
  98 0008 13D1     		bne	.L9
  99              		.loc 1 89 0 is_stmt 0 discriminator 1
 100 000a 0E4B     		ldr	r3, .L12
 101 000c 1B78     		ldrb	r3, [r3]
 102 000e 002B     		cmp	r3, #0
 103 0010 11D1     		bne	.L10
  90:.\SerialComunicationService.c ****  
  91:.\SerialComunicationService.c ****         /* Update notification handle data*/
  92:.\SerialComunicationService.c ****     	notificationHandle.attrHandle = CYBLE_SERIAL_PORT_TX_CHAR_HANDLE;
 104              		.loc 1 92 0 is_stmt 1
 105 0012 01AB     		add	r3, sp, #4
 106 0014 1022     		mov	r2, #16
 107 0016 1A81     		strh	r2, [r3, #8]
  93:.\SerialComunicationService.c ****     	notificationHandle.value.val = serial->txPacket;
 108              		.loc 1 93 0
 109 0018 0190     		str	r0, [sp, #4]
  94:.\SerialComunicationService.c ****     	notificationHandle.value.len = dataLength;
 110              		.loc 1 94 0
 111 001a 9980     		strh	r1, [r3, #4]
  95:.\SerialComunicationService.c ****         
  96:.\SerialComunicationService.c ****     	/* Send notifications. */
  97:.\SerialComunicationService.c ****     	if(CyBle_GattsNotification(cyBle_connHandle, &notificationHandle) != CYBLE_ERROR_OK){
 112              		.loc 1 97 0
 113 001c 0A4A     		ldr	r2, .L12+4
 114 001e 1178     		ldrb	r1, [r2]
 115              	.LVL9:
 116 0020 5078     		ldrb	r0, [r2, #1]
 117              	.LVL10:
 118 0022 0002     		lsl	r0, r0, #8
 119 0024 0843     		orr	r0, r1
 120 0026 191C     		mov	r1, r3
 121 0028 FFF7FEFF 		bl	CyBle_GattsNotification
 122              	.LVL11:
 123 002c 0028     		cmp	r0, #0
 124 002e 04D1     		bne	.L11
 125 0030 04E0     		b	.L8
 126              	.LVL12:
 127              	.L9:
  87:.\SerialComunicationService.c ****     int16_t status = 0;
 128              		.loc 1 87 0
 129 0032 0020     		mov	r0, #0
ARM GAS  C:\Users\David\AppData\Local\Temp\ccCqDwUD.s 			page 5


 130              	.LVL13:
 131 0034 02E0     		b	.L8
 132              	.LVL14:
 133              	.L10:
 134 0036 0020     		mov	r0, #0
 135              	.LVL15:
 136 0038 00E0     		b	.L8
 137              	.LVL16:
 138              	.L11:
  98:.\SerialComunicationService.c ****             status = -1;
 139              		.loc 1 98 0
 140 003a 0448     		ldr	r0, .L12+8
 141              	.L8:
 142              	.LVL17:
  99:.\SerialComunicationService.c ****         }
 100:.\SerialComunicationService.c ****     }
 101:.\SerialComunicationService.c ****     return status;
 143              		.loc 1 101 0
 144 003c 00B2     		sxth	r0, r0
 145              	.LVL18:
 102:.\SerialComunicationService.c **** }
 146              		.loc 1 102 0
 147 003e 05B0     		add	sp, sp, #20
 148              		@ sp needed
 149 0040 00BD     		pop	{pc}
 150              	.L13:
 151 0042 C046     		.align	2
 152              	.L12:
 153 0044 00000000 		.word	cyBle_busyStatus
 154 0048 00000000 		.word	cyBle_connHandle
 155 004c FFFF0000 		.word	65535
 156              		.cfi_endproc
 157              	.LFE37:
 158              		.size	SerialCommunicationServiceTxNotificationCCCD, .-SerialCommunicationServiceTxNotificationCCCD
 159              		.section	.text.SerialCommunicationServiceNotificationHandler,"ax",%progbits
 160              		.align	2
 161              		.global	SerialCommunicationServiceNotificationHandler
 162              		.code	16
 163              		.thumb_func
 164              		.type	SerialCommunicationServiceNotificationHandler, %function
 165              	SerialCommunicationServiceNotificationHandler:
 166              	.LFB38:
 103:.\SerialComunicationService.c **** 
 104:.\SerialComunicationService.c **** /*******************************************************************************
 105:.\SerialComunicationService.c **** * Function Name: SerialCommunicationServiceNotificationHandler
 106:.\SerialComunicationService.c **** ********************************************************************************
 107:.\SerialComunicationService.c **** *
 108:.\SerialComunicationService.c **** * Summary:
 109:.\SerialComunicationService.c **** *  Function that handle the CCCD flag. Notification enable or disable
 110:.\SerialComunicationService.c **** *
 111:.\SerialComunicationService.c **** * Parameters:
 112:.\SerialComunicationService.c **** *  serial - Serial communication service structure
 113:.\SerialComunicationService.c **** *  eventParam - pointer to event parameter from main event handler
 114:.\SerialComunicationService.c **** *
 115:.\SerialComunicationService.c **** * Return:
 116:.\SerialComunicationService.c **** *  int16_t - status
 117:.\SerialComunicationService.c **** *
ARM GAS  C:\Users\David\AppData\Local\Temp\ccCqDwUD.s 			page 6


 118:.\SerialComunicationService.c **** *******************************************************************************/
 119:.\SerialComunicationService.c **** int16_t SerialCommunicationServiceNotificationHandler(serialCommunicaitonService_t* serial, void* e
 167              		.loc 1 119 0
 168              		.cfi_startproc
 169              	.LVL19:
 120:.\SerialComunicationService.c ****     int16_t status = 0;
 121:.\SerialComunicationService.c ****     
 122:.\SerialComunicationService.c ****     /*Handle notificaiton flag*/
 123:.\SerialComunicationService.c ****     if(((CYBLE_GATTS_WRITE_REQ_PARAM_T *)eventParam)->handleValPair.attrHandle == TX_CHARACTERISTIC
 170              		.loc 1 123 0
 171 0000 8A89     		ldrh	r2, [r1, #12]
 172 0002 074B     		ldr	r3, .L17
 173 0004 1B89     		ldrh	r3, [r3, #8]
 174 0006 9A42     		cmp	r2, r3
 175 0008 07D1     		bne	.L15
 124:.\SerialComunicationService.c ****         if(((CYBLE_GATTS_WRITE_REQ_PARAM_T *)eventParam)->handleValPair.value.val[0] == 0x01){
 176              		.loc 1 124 0
 177 000a 4B68     		ldr	r3, [r1, #4]
 178 000c 1B78     		ldrb	r3, [r3]
 179 000e 012B     		cmp	r3, #1
 180 0010 01D1     		bne	.L16
 125:.\SerialComunicationService.c ****             serial->txNotify = SERIAL_COMMUNICAITON_NOTIFICATION_ENABLE;
 181              		.loc 1 125 0
 182 0012 0375     		strb	r3, [r0, #20]
 183 0014 01E0     		b	.L15
 184              	.L16:
 126:.\SerialComunicationService.c ****         } else {
 127:.\SerialComunicationService.c ****             serial->txNotify = SERIAL_COMMUNICAITON_NOTIFICATION_DISABLE;
 185              		.loc 1 127 0
 186 0016 0023     		mov	r3, #0
 187 0018 0375     		strb	r3, [r0, #20]
 188              	.L15:
 128:.\SerialComunicationService.c ****         }
 129:.\SerialComunicationService.c ****     } 
 130:.\SerialComunicationService.c ****     return 0;
 131:.\SerialComunicationService.c **** }
 189              		.loc 1 131 0
 190 001a 0020     		mov	r0, #0
 191              	.LVL20:
 192              		@ sp needed
 193 001c 7047     		bx	lr
 194              	.L18:
 195 001e C046     		.align	2
 196              	.L17:
 197 0020 00000000 		.word	cyBle_customs
 198              		.cfi_endproc
 199              	.LFE38:
 200              		.size	SerialCommunicationServiceNotificationHandler, .-SerialCommunicationServiceNotificationHandl
 201              		.section	.text.SerialCommunicationServiceReset,"ax",%progbits
 202              		.align	2
 203              		.global	SerialCommunicationServiceReset
 204              		.code	16
 205              		.thumb_func
 206              		.type	SerialCommunicationServiceReset, %function
 207              	SerialCommunicationServiceReset:
 208              	.LFB39:
 132:.\SerialComunicationService.c **** 
ARM GAS  C:\Users\David\AppData\Local\Temp\ccCqDwUD.s 			page 7


 133:.\SerialComunicationService.c **** /*****************************************************************************
 134:.\SerialComunicationService.c **** * Function Name: SerialCommunicationServiceServiceReset
 135:.\SerialComunicationService.c **** ******************************************************************************
 136:.\SerialComunicationService.c **** *
 137:.\SerialComunicationService.c **** * Summary:
 138:.\SerialComunicationService.c **** *  Reset the notification flag. Should be used when there's a ble disconnection.
 139:.\SerialComunicationService.c **** *
 140:.\SerialComunicationService.c **** * Parameters:
 141:.\SerialComunicationService.c **** *  serial - Serial communication service structure
 142:.\SerialComunicationService.c **** *
 143:.\SerialComunicationService.c **** * Return:
 144:.\SerialComunicationService.c **** *  None
 145:.\SerialComunicationService.c **** *
 146:.\SerialComunicationService.c **** *****************************************************************************/
 147:.\SerialComunicationService.c **** void SerialCommunicationServiceReset(serialCommunicaitonService_t* serial){
 209              		.loc 1 147 0
 210              		.cfi_startproc
 211              	.LVL21:
 148:.\SerialComunicationService.c ****     uint16_t i;
 149:.\SerialComunicationService.c ****         
 150:.\SerialComunicationService.c ****     serial->txNotify = SERIAL_COMMUNICAITON_NOTIFICATION_DISABLE;
 212              		.loc 1 150 0
 213 0000 0023     		mov	r3, #0
 214 0002 0375     		strb	r3, [r0, #20]
 215              	.LVL22:
 151:.\SerialComunicationService.c ****     for(i = 0; i < SERIAL_COMMUNICATION_DATA_PACKET_SIZE; i++){
 152:.\SerialComunicationService.c ****         serial->txPacket[i] = 0;
 216              		.loc 1 152 0
 217 0004 0022     		mov	r2, #0
 151:.\SerialComunicationService.c ****     for(i = 0; i < SERIAL_COMMUNICATION_DATA_PACKET_SIZE; i++){
 218              		.loc 1 151 0
 219 0006 02E0     		b	.L20
 220              	.LVL23:
 221              	.L21:
 222              		.loc 1 152 0 discriminator 2
 223 0008 C254     		strb	r2, [r0, r3]
 151:.\SerialComunicationService.c ****     for(i = 0; i < SERIAL_COMMUNICATION_DATA_PACKET_SIZE; i++){
 224              		.loc 1 151 0 discriminator 2
 225 000a 0133     		add	r3, r3, #1
 226              	.LVL24:
 227 000c 9BB2     		uxth	r3, r3
 228              	.LVL25:
 229              	.L20:
 151:.\SerialComunicationService.c ****     for(i = 0; i < SERIAL_COMMUNICATION_DATA_PACKET_SIZE; i++){
 230              		.loc 1 151 0 is_stmt 0 discriminator 1
 231 000e 132B     		cmp	r3, #19
 232 0010 FAD9     		bls	.L21
 153:.\SerialComunicationService.c ****     }
 154:.\SerialComunicationService.c **** }
 233              		.loc 1 154 0 is_stmt 1
 234              		@ sp needed
 235 0012 7047     		bx	lr
 236              		.cfi_endproc
 237              	.LFE39:
 238              		.size	SerialCommunicationServiceReset, .-SerialCommunicationServiceReset
 239              		.text
 240              	.Letext0:
ARM GAS  C:\Users\David\AppData\Local\Temp\ccCqDwUD.s 			page 8


 241              		.file 2 "c:\\program files (x86)\\cypress\\psoc creator\\3.2\\psoc creator\\import\\gnu\\arm\\4.8.
 242              		.file 3 "c:\\program files (x86)\\cypress\\psoc creator\\3.2\\psoc creator\\import\\gnu\\arm\\4.8.
 243              		.file 4 "Generated_Source\\PSoC4/cytypes.h"
 244              		.file 5 "Generated_Source\\PSoC4/BLE_Stack.h"
 245              		.file 6 "Generated_Source\\PSoC4/BLE_StackGatt.h"
 246              		.file 7 "Generated_Source\\PSoC4/BLE_StackGattServer.h"
 247              		.file 8 "Generated_Source\\PSoC4/BLE_custom.h"
 248              		.file 9 ".\\SerialCommunicationService.h"
 249              		.file 10 "Generated_Source\\PSoC4/BLE_eventHandler.h"
 250              		.section	.debug_info,"",%progbits
 251              	.Ldebug_info0:
 252 0000 EF040000 		.4byte	0x4ef
 253 0004 0400     		.2byte	0x4
 254 0006 00000000 		.4byte	.Ldebug_abbrev0
 255 000a 04       		.byte	0x4
 256 000b 01       		.uleb128 0x1
 257 000c B3000000 		.4byte	.LASF86
 258 0010 01       		.byte	0x1
 259 0011 1C060000 		.4byte	.LASF87
 260 0015 2D030000 		.4byte	.LASF88
 261 0019 00000000 		.4byte	.Ldebug_ranges0+0
 262 001d 00000000 		.4byte	0
 263 0021 00000000 		.4byte	.Ldebug_line0
 264 0025 02       		.uleb128 0x2
 265 0026 01       		.byte	0x1
 266 0027 06       		.byte	0x6
 267 0028 AB040000 		.4byte	.LASF0
 268 002c 03       		.uleb128 0x3
 269 002d E4030000 		.4byte	.LASF2
 270 0031 02       		.byte	0x2
 271 0032 1C       		.byte	0x1c
 272 0033 37000000 		.4byte	0x37
 273 0037 02       		.uleb128 0x2
 274 0038 01       		.byte	0x1
 275 0039 08       		.byte	0x8
 276 003a 9D040000 		.4byte	.LASF1
 277 003e 03       		.uleb128 0x3
 278 003f EF060000 		.4byte	.LASF3
 279 0043 02       		.byte	0x2
 280 0044 25       		.byte	0x25
 281 0045 49000000 		.4byte	0x49
 282 0049 02       		.uleb128 0x2
 283 004a 02       		.byte	0x2
 284 004b 05       		.byte	0x5
 285 004c A9000000 		.4byte	.LASF4
 286 0050 03       		.uleb128 0x3
 287 0051 77010000 		.4byte	.LASF5
 288 0055 02       		.byte	0x2
 289 0056 26       		.byte	0x26
 290 0057 5B000000 		.4byte	0x5b
 291 005b 02       		.uleb128 0x2
 292 005c 02       		.byte	0x2
 293 005d 07       		.byte	0x7
 294 005e 71050000 		.4byte	.LASF6
 295 0062 02       		.uleb128 0x2
 296 0063 04       		.byte	0x4
 297 0064 05       		.byte	0x5
ARM GAS  C:\Users\David\AppData\Local\Temp\ccCqDwUD.s 			page 9


 298 0065 CC030000 		.4byte	.LASF7
 299 0069 02       		.uleb128 0x2
 300 006a 04       		.byte	0x4
 301 006b 07       		.byte	0x7
 302 006c 0A060000 		.4byte	.LASF8
 303 0070 02       		.uleb128 0x2
 304 0071 08       		.byte	0x8
 305 0072 05       		.byte	0x5
 306 0073 6A030000 		.4byte	.LASF9
 307 0077 02       		.uleb128 0x2
 308 0078 08       		.byte	0x8
 309 0079 07       		.byte	0x7
 310 007a B7040000 		.4byte	.LASF10
 311 007e 04       		.uleb128 0x4
 312 007f 04       		.byte	0x4
 313 0080 05       		.byte	0x5
 314 0081 696E7400 		.ascii	"int\000"
 315 0085 02       		.uleb128 0x2
 316 0086 04       		.byte	0x4
 317 0087 07       		.byte	0x7
 318 0088 FA040000 		.4byte	.LASF11
 319 008c 03       		.uleb128 0x3
 320 008d 71020000 		.4byte	.LASF12
 321 0091 03       		.byte	0x3
 322 0092 2A       		.byte	0x2a
 323 0093 2C000000 		.4byte	0x2c
 324 0097 03       		.uleb128 0x3
 325 0098 B3050000 		.4byte	.LASF13
 326 009c 03       		.byte	0x3
 327 009d 35       		.byte	0x35
 328 009e 3E000000 		.4byte	0x3e
 329 00a2 03       		.uleb128 0x3
 330 00a3 90050000 		.4byte	.LASF14
 331 00a7 03       		.byte	0x3
 332 00a8 36       		.byte	0x36
 333 00a9 50000000 		.4byte	0x50
 334 00ad 03       		.uleb128 0x3
 335 00ae 97020000 		.4byte	.LASF15
 336 00b2 04       		.byte	0x4
 337 00b3 C1       		.byte	0xc1
 338 00b4 37000000 		.4byte	0x37
 339 00b8 03       		.uleb128 0x3
 340 00b9 4C020000 		.4byte	.LASF16
 341 00bd 04       		.byte	0x4
 342 00be C2       		.byte	0xc2
 343 00bf 5B000000 		.4byte	0x5b
 344 00c3 02       		.uleb128 0x2
 345 00c4 04       		.byte	0x4
 346 00c5 04       		.byte	0x4
 347 00c6 27030000 		.4byte	.LASF17
 348 00ca 02       		.uleb128 0x2
 349 00cb 08       		.byte	0x8
 350 00cc 04       		.byte	0x4
 351 00cd 45060000 		.4byte	.LASF18
 352 00d1 02       		.uleb128 0x2
 353 00d2 01       		.byte	0x1
 354 00d3 08       		.byte	0x8
ARM GAS  C:\Users\David\AppData\Local\Temp\ccCqDwUD.s 			page 10


 355 00d4 8B050000 		.4byte	.LASF19
 356 00d8 05       		.uleb128 0x5
 357 00d9 AD000000 		.4byte	0xad
 358 00dd 02       		.uleb128 0x2
 359 00de 04       		.byte	0x4
 360 00df 07       		.byte	0x7
 361 00e0 2F010000 		.4byte	.LASF20
 362 00e4 06       		.uleb128 0x6
 363 00e5 04       		.byte	0x4
 364 00e6 07       		.uleb128 0x7
 365 00e7 02       		.byte	0x2
 366 00e8 05       		.byte	0x5
 367 00e9 F401     		.2byte	0x1f4
 368 00eb 9D010000 		.4byte	0x19d
 369 00ef 08       		.uleb128 0x8
 370 00f0 68010000 		.4byte	.LASF21
 371 00f4 00       		.sleb128 0
 372 00f5 08       		.uleb128 0x8
 373 00f6 DD010000 		.4byte	.LASF22
 374 00fa 01       		.sleb128 1
 375 00fb 08       		.uleb128 0x8
 376 00fc 53020000 		.4byte	.LASF23
 377 0100 02       		.sleb128 2
 378 0101 08       		.uleb128 0x8
 379 0102 BB050000 		.4byte	.LASF24
 380 0106 03       		.sleb128 3
 381 0107 08       		.uleb128 0x8
 382 0108 04030000 		.4byte	.LASF25
 383 010c 04       		.sleb128 4
 384 010d 08       		.uleb128 0x8
 385 010e FB010000 		.4byte	.LASF26
 386 0112 05       		.sleb128 5
 387 0113 08       		.uleb128 0x8
 388 0114 E1020000 		.4byte	.LASF27
 389 0118 06       		.sleb128 6
 390 0119 08       		.uleb128 0x8
 391 011a 68040000 		.4byte	.LASF28
 392 011e 07       		.sleb128 7
 393 011f 08       		.uleb128 0x8
 394 0120 EE030000 		.4byte	.LASF29
 395 0124 08       		.sleb128 8
 396 0125 08       		.uleb128 0x8
 397 0126 E5040000 		.4byte	.LASF30
 398 012a 09       		.sleb128 9
 399 012b 08       		.uleb128 0x8
 400 012c 6B000000 		.4byte	.LASF31
 401 0130 0A       		.sleb128 10
 402 0131 08       		.uleb128 0x8
 403 0132 78030000 		.4byte	.LASF32
 404 0136 0B       		.sleb128 11
 405 0137 08       		.uleb128 0x8
 406 0138 CE040000 		.4byte	.LASF33
 407 013c 0C       		.sleb128 12
 408 013d 08       		.uleb128 0x8
 409 013e 07050000 		.4byte	.LASF34
 410 0142 0D       		.sleb128 13
 411 0143 08       		.uleb128 0x8
ARM GAS  C:\Users\David\AppData\Local\Temp\ccCqDwUD.s 			page 11


 412 0144 25000000 		.4byte	.LASF35
 413 0148 0E       		.sleb128 14
 414 0149 08       		.uleb128 0x8
 415 014a 00000000 		.4byte	.LASF36
 416 014e 0F       		.sleb128 15
 417 014f 08       		.uleb128 0x8
 418 0150 80070000 		.4byte	.LASF37
 419 0154 10       		.sleb128 16
 420 0155 08       		.uleb128 0x8
 421 0156 85000000 		.4byte	.LASF38
 422 015a 11       		.sleb128 17
 423 015b 08       		.uleb128 0x8
 424 015c C3060000 		.4byte	.LASF39
 425 0160 12       		.sleb128 18
 426 0161 08       		.uleb128 0x8
 427 0162 4C060000 		.4byte	.LASF40
 428 0166 13       		.sleb128 19
 429 0167 08       		.uleb128 0x8
 430 0168 12070000 		.4byte	.LASF41
 431 016c 27       		.sleb128 39
 432 016d 08       		.uleb128 0x8
 433 016e 82010000 		.4byte	.LASF42
 434 0172 28       		.sleb128 40
 435 0173 08       		.uleb128 0x8
 436 0174 C1010000 		.4byte	.LASF43
 437 0178 29       		.sleb128 41
 438 0179 08       		.uleb128 0x8
 439 017a 34070000 		.4byte	.LASF44
 440 017e FF01     		.sleb128 255
 441 0180 08       		.uleb128 0x8
 442 0181 F9060000 		.4byte	.LASF45
 443 0185 8002     		.sleb128 256
 444 0187 08       		.uleb128 0x8
 445 0188 DC070000 		.4byte	.LASF46
 446 018c 8102     		.sleb128 257
 447 018e 08       		.uleb128 0x8
 448 018f 4E050000 		.4byte	.LASF47
 449 0193 8202     		.sleb128 258
 450 0195 08       		.uleb128 0x8
 451 0196 44070000 		.4byte	.LASF48
 452 019a 8302     		.sleb128 259
 453 019c 00       		.byte	0
 454 019d 09       		.uleb128 0x9
 455 019e 9D020000 		.4byte	.LASF49
 456 01a2 05       		.byte	0x5
 457 01a3 5102     		.2byte	0x251
 458 01a5 E6000000 		.4byte	0xe6
 459 01a9 0A       		.uleb128 0xa
 460 01aa 04       		.byte	0x4
 461 01ab AD000000 		.4byte	0xad
 462 01af 09       		.uleb128 0x9
 463 01b0 EE050000 		.4byte	.LASF50
 464 01b4 06       		.byte	0x6
 465 01b5 6201     		.2byte	0x162
 466 01b7 B8000000 		.4byte	0xb8
 467 01bb 0B       		.uleb128 0xb
 468 01bc 02       		.byte	0x2
ARM GAS  C:\Users\David\AppData\Local\Temp\ccCqDwUD.s 			page 12


 469 01bd 06       		.byte	0x6
 470 01be 6501     		.2byte	0x165
 471 01c0 DF010000 		.4byte	0x1df
 472 01c4 0C       		.uleb128 0xc
 473 01c5 FB020000 		.4byte	.LASF51
 474 01c9 06       		.byte	0x6
 475 01ca 6C01     		.2byte	0x16c
 476 01cc AD000000 		.4byte	0xad
 477 01d0 00       		.byte	0
 478 01d1 0C       		.uleb128 0xc
 479 01d2 2C050000 		.4byte	.LASF52
 480 01d6 06       		.byte	0x6
 481 01d7 7201     		.2byte	0x172
 482 01d9 AD000000 		.4byte	0xad
 483 01dd 01       		.byte	0x1
 484 01de 00       		.byte	0
 485 01df 09       		.uleb128 0x9
 486 01e0 74060000 		.4byte	.LASF53
 487 01e4 06       		.byte	0x6
 488 01e5 7401     		.2byte	0x174
 489 01e7 BB010000 		.4byte	0x1bb
 490 01eb 0B       		.uleb128 0xb
 491 01ec 08       		.byte	0x8
 492 01ed 06       		.byte	0x6
 493 01ee 8901     		.2byte	0x189
 494 01f0 1C020000 		.4byte	0x21c
 495 01f4 0D       		.uleb128 0xd
 496 01f5 76616C00 		.ascii	"val\000"
 497 01f9 06       		.byte	0x6
 498 01fa 8C01     		.2byte	0x18c
 499 01fc A9010000 		.4byte	0x1a9
 500 0200 00       		.byte	0
 501 0201 0D       		.uleb128 0xd
 502 0202 6C656E00 		.ascii	"len\000"
 503 0206 06       		.byte	0x6
 504 0207 8F01     		.2byte	0x18f
 505 0209 B8000000 		.4byte	0xb8
 506 020d 04       		.byte	0x4
 507 020e 0C       		.uleb128 0xc
 508 020f 76070000 		.4byte	.LASF54
 509 0213 06       		.byte	0x6
 510 0214 9601     		.2byte	0x196
 511 0216 B8000000 		.4byte	0xb8
 512 021a 06       		.byte	0x6
 513 021b 00       		.byte	0
 514 021c 09       		.uleb128 0x9
 515 021d 99050000 		.4byte	.LASF55
 516 0221 06       		.byte	0x6
 517 0222 9801     		.2byte	0x198
 518 0224 EB010000 		.4byte	0x1eb
 519 0228 0B       		.uleb128 0xb
 520 0229 0C       		.byte	0xc
 521 022a 06       		.byte	0x6
 522 022b 9B01     		.2byte	0x19b
 523 022d 4C020000 		.4byte	0x24c
 524 0231 0C       		.uleb128 0xc
 525 0232 19020000 		.4byte	.LASF56
ARM GAS  C:\Users\David\AppData\Local\Temp\ccCqDwUD.s 			page 13


 526 0236 06       		.byte	0x6
 527 0237 9E01     		.2byte	0x19e
 528 0239 1C020000 		.4byte	0x21c
 529 023d 00       		.byte	0
 530 023e 0C       		.uleb128 0xc
 531 023f 3A060000 		.4byte	.LASF57
 532 0243 06       		.byte	0x6
 533 0244 A101     		.2byte	0x1a1
 534 0246 AF010000 		.4byte	0x1af
 535 024a 08       		.byte	0x8
 536 024b 00       		.byte	0
 537 024c 09       		.uleb128 0x9
 538 024d 88060000 		.4byte	.LASF58
 539 0251 06       		.byte	0x6
 540 0252 A301     		.2byte	0x1a3
 541 0254 28020000 		.4byte	0x228
 542 0258 03       		.uleb128 0x3
 543 0259 AD030000 		.4byte	.LASF59
 544 025d 07       		.byte	0x7
 545 025e 2E       		.byte	0x2e
 546 025f 4C020000 		.4byte	0x24c
 547 0263 0E       		.uleb128 0xe
 548 0264 10       		.byte	0x10
 549 0265 07       		.byte	0x7
 550 0266 84       		.byte	0x84
 551 0267 84020000 		.4byte	0x284
 552 026b 0F       		.uleb128 0xf
 553 026c 32050000 		.4byte	.LASF60
 554 0270 07       		.byte	0x7
 555 0271 87       		.byte	0x87
 556 0272 DF010000 		.4byte	0x1df
 557 0276 00       		.byte	0
 558 0277 0F       		.uleb128 0xf
 559 0278 E0050000 		.4byte	.LASF61
 560 027c 07       		.byte	0x7
 561 027d 8A       		.byte	0x8a
 562 027e 4C020000 		.4byte	0x24c
 563 0282 04       		.byte	0x4
 564 0283 00       		.byte	0
 565 0284 03       		.uleb128 0x3
 566 0285 0C040000 		.4byte	.LASF62
 567 0289 07       		.byte	0x7
 568 028a 8C       		.byte	0x8c
 569 028b 63020000 		.4byte	0x263
 570 028f 0E       		.uleb128 0xe
 571 0290 04       		.byte	0x4
 572 0291 08       		.byte	0x8
 573 0292 3D       		.byte	0x3d
 574 0293 B0020000 		.4byte	0x2b0
 575 0297 0F       		.uleb128 0xf
 576 0298 AE060000 		.4byte	.LASF63
 577 029c 08       		.byte	0x8
 578 029d 40       		.byte	0x40
 579 029e AF010000 		.4byte	0x1af
 580 02a2 00       		.byte	0
 581 02a3 0F       		.uleb128 0xf
 582 02a4 84020000 		.4byte	.LASF64
ARM GAS  C:\Users\David\AppData\Local\Temp\ccCqDwUD.s 			page 14


 583 02a8 08       		.byte	0x8
 584 02a9 42       		.byte	0x42
 585 02aa B0020000 		.4byte	0x2b0
 586 02ae 02       		.byte	0x2
 587 02af 00       		.byte	0
 588 02b0 10       		.uleb128 0x10
 589 02b1 AF010000 		.4byte	0x1af
 590 02b5 C0020000 		.4byte	0x2c0
 591 02b9 11       		.uleb128 0x11
 592 02ba DD000000 		.4byte	0xdd
 593 02be 00       		.byte	0
 594 02bf 00       		.byte	0
 595 02c0 03       		.uleb128 0x3
 596 02c1 98030000 		.4byte	.LASF65
 597 02c5 08       		.byte	0x8
 598 02c6 43       		.byte	0x43
 599 02c7 8F020000 		.4byte	0x28f
 600 02cb 0E       		.uleb128 0xe
 601 02cc 0A       		.byte	0xa
 602 02cd 08       		.byte	0x8
 603 02ce 46       		.byte	0x46
 604 02cf EC020000 		.4byte	0x2ec
 605 02d3 0F       		.uleb128 0xf
 606 02d4 B0010000 		.4byte	.LASF66
 607 02d8 08       		.byte	0x8
 608 02d9 49       		.byte	0x49
 609 02da AF010000 		.4byte	0x1af
 610 02de 00       		.byte	0
 611 02df 0F       		.uleb128 0xf
 612 02e0 D5030000 		.4byte	.LASF67
 613 02e4 08       		.byte	0x8
 614 02e5 4C       		.byte	0x4c
 615 02e6 EC020000 		.4byte	0x2ec
 616 02ea 02       		.byte	0x2
 617 02eb 00       		.byte	0
 618 02ec 10       		.uleb128 0x10
 619 02ed C0020000 		.4byte	0x2c0
 620 02f1 FC020000 		.4byte	0x2fc
 621 02f5 11       		.uleb128 0x11
 622 02f6 DD000000 		.4byte	0xdd
 623 02fa 01       		.byte	0x1
 624 02fb 00       		.byte	0
 625 02fc 03       		.uleb128 0x3
 626 02fd 58040000 		.4byte	.LASF68
 627 0301 08       		.byte	0x8
 628 0302 4D       		.byte	0x4d
 629 0303 CB020000 		.4byte	0x2cb
 630 0307 12       		.uleb128 0x12
 631 0308 2A040000 		.4byte	.LASF89
 632 030c 15       		.byte	0x15
 633 030d 09       		.byte	0x9
 634 030e 1A       		.byte	0x1a
 635 030f 2C030000 		.4byte	0x32c
 636 0313 0F       		.uleb128 0xf
 637 0314 E6060000 		.4byte	.LASF69
 638 0318 09       		.byte	0x9
 639 0319 1C       		.byte	0x1c
ARM GAS  C:\Users\David\AppData\Local\Temp\ccCqDwUD.s 			page 15


 640 031a 2C030000 		.4byte	0x32c
 641 031e 00       		.byte	0
 642 031f 0F       		.uleb128 0xf
 643 0320 A7010000 		.4byte	.LASF70
 644 0324 09       		.byte	0x9
 645 0325 1D       		.byte	0x1d
 646 0326 8C000000 		.4byte	0x8c
 647 032a 14       		.byte	0x14
 648 032b 00       		.byte	0
 649 032c 10       		.uleb128 0x10
 650 032d 8C000000 		.4byte	0x8c
 651 0331 3C030000 		.4byte	0x33c
 652 0335 11       		.uleb128 0x11
 653 0336 DD000000 		.4byte	0xdd
 654 033a 13       		.byte	0x13
 655 033b 00       		.byte	0
 656 033c 03       		.uleb128 0x3
 657 033d 4E000000 		.4byte	.LASF71
 658 0341 09       		.byte	0x9
 659 0342 1E       		.byte	0x1e
 660 0343 07030000 		.4byte	0x307
 661 0347 13       		.uleb128 0x13
 662 0348 85040000 		.4byte	.LASF81
 663 034c 01       		.byte	0x1
 664 034d 21       		.byte	0x21
 665 034e 00000000 		.4byte	.LFB35
 666 0352 02000000 		.4byte	.LFE35-.LFB35
 667 0356 01       		.uleb128 0x1
 668 0357 9C       		.byte	0x9c
 669 0358 6A030000 		.4byte	0x36a
 670 035c 14       		.uleb128 0x14
 671 035d AC050000 		.4byte	.LASF72
 672 0361 01       		.byte	0x1
 673 0362 21       		.byte	0x21
 674 0363 6A030000 		.4byte	0x36a
 675 0367 01       		.uleb128 0x1
 676 0368 50       		.byte	0x50
 677 0369 00       		.byte	0
 678 036a 0A       		.uleb128 0xa
 679 036b 04       		.byte	0x4
 680 036c 3C030000 		.4byte	0x33c
 681 0370 15       		.uleb128 0x15
 682 0371 38010000 		.4byte	.LASF76
 683 0375 01       		.byte	0x1
 684 0376 34       		.byte	0x34
 685 0377 97000000 		.4byte	0x97
 686 037b 00000000 		.4byte	.LFB36
 687 037f 1C000000 		.4byte	.LFE36-.LFB36
 688 0383 01       		.uleb128 0x1
 689 0384 9C       		.byte	0x9c
 690 0385 C3030000 		.4byte	0x3c3
 691 0389 16       		.uleb128 0x16
 692 038a AC050000 		.4byte	.LASF72
 693 038e 01       		.byte	0x1
 694 038f 34       		.byte	0x34
 695 0390 6A030000 		.4byte	0x36a
 696 0394 00000000 		.4byte	.LLST0
ARM GAS  C:\Users\David\AppData\Local\Temp\ccCqDwUD.s 			page 16


 697 0398 14       		.uleb128 0x14
 698 0399 F5070000 		.4byte	.LASF73
 699 039d 01       		.byte	0x1
 700 039e 34       		.byte	0x34
 701 039f E4000000 		.4byte	0xe4
 702 03a3 01       		.uleb128 0x1
 703 03a4 51       		.byte	0x51
 704 03a5 17       		.uleb128 0x17
 705 03a6 84050000 		.4byte	.LASF74
 706 03aa 01       		.byte	0x1
 707 03ab 35       		.byte	0x35
 708 03ac 97000000 		.4byte	0x97
 709 03b0 3A000000 		.4byte	.LLST1
 710 03b4 18       		.uleb128 0x18
 711 03b5 A7060000 		.4byte	.LASF75
 712 03b9 01       		.byte	0x1
 713 03ba 37       		.byte	0x37
 714 03bb AF010000 		.4byte	0x1af
 715 03bf 02       		.uleb128 0x2
 716 03c0 71       		.byte	0x71
 717 03c1 0C       		.sleb128 12
 718 03c2 00       		.byte	0
 719 03c3 15       		.uleb128 0x15
 720 03c4 1F020000 		.4byte	.LASF77
 721 03c8 01       		.byte	0x1
 722 03c9 55       		.byte	0x55
 723 03ca 97000000 		.4byte	0x97
 724 03ce 00000000 		.4byte	.LFB37
 725 03d2 50000000 		.4byte	.LFE37-.LFB37
 726 03d6 01       		.uleb128 0x1
 727 03d7 9C       		.byte	0x9c
 728 03d8 28040000 		.4byte	0x428
 729 03dc 16       		.uleb128 0x16
 730 03dd AC050000 		.4byte	.LASF72
 731 03e1 01       		.byte	0x1
 732 03e2 55       		.byte	0x55
 733 03e3 6A030000 		.4byte	0x36a
 734 03e7 59000000 		.4byte	.LLST2
 735 03eb 16       		.uleb128 0x16
 736 03ec 79020000 		.4byte	.LASF78
 737 03f0 01       		.byte	0x1
 738 03f1 55       		.byte	0x55
 739 03f2 8C000000 		.4byte	0x8c
 740 03f6 B8000000 		.4byte	.LLST3
 741 03fa 18       		.uleb128 0x18
 742 03fb 45040000 		.4byte	.LASF79
 743 03ff 01       		.byte	0x1
 744 0400 56       		.byte	0x56
 745 0401 58020000 		.4byte	0x258
 746 0405 02       		.uleb128 0x2
 747 0406 91       		.byte	0x91
 748 0407 6C       		.sleb128 -20
 749 0408 17       		.uleb128 0x17
 750 0409 84050000 		.4byte	.LASF74
 751 040d 01       		.byte	0x1
 752 040e 57       		.byte	0x57
 753 040f 97000000 		.4byte	0x97
ARM GAS  C:\Users\David\AppData\Local\Temp\ccCqDwUD.s 			page 17


 754 0413 F2000000 		.4byte	.LLST4
 755 0417 19       		.uleb128 0x19
 756 0418 2C000000 		.4byte	.LVL11
 757 041c D2040000 		.4byte	0x4d2
 758 0420 1A       		.uleb128 0x1a
 759 0421 01       		.uleb128 0x1
 760 0422 51       		.byte	0x51
 761 0423 02       		.uleb128 0x2
 762 0424 91       		.byte	0x91
 763 0425 6C       		.sleb128 -20
 764 0426 00       		.byte	0
 765 0427 00       		.byte	0
 766 0428 15       		.uleb128 0x15
 767 0429 AE070000 		.4byte	.LASF80
 768 042d 01       		.byte	0x1
 769 042e 77       		.byte	0x77
 770 042f 97000000 		.4byte	0x97
 771 0433 00000000 		.4byte	.LFB38
 772 0437 24000000 		.4byte	.LFE38-.LFB38
 773 043b 01       		.uleb128 0x1
 774 043c 9C       		.byte	0x9c
 775 043d 6A040000 		.4byte	0x46a
 776 0441 16       		.uleb128 0x16
 777 0442 AC050000 		.4byte	.LASF72
 778 0446 01       		.byte	0x1
 779 0447 77       		.byte	0x77
 780 0448 6A030000 		.4byte	0x36a
 781 044c 11010000 		.4byte	.LLST5
 782 0450 14       		.uleb128 0x14
 783 0451 F5070000 		.4byte	.LASF73
 784 0455 01       		.byte	0x1
 785 0456 77       		.byte	0x77
 786 0457 E4000000 		.4byte	0xe4
 787 045b 01       		.uleb128 0x1
 788 045c 51       		.byte	0x51
 789 045d 1B       		.uleb128 0x1b
 790 045e 84050000 		.4byte	.LASF74
 791 0462 01       		.byte	0x1
 792 0463 78       		.byte	0x78
 793 0464 97000000 		.4byte	0x97
 794 0468 00       		.byte	0
 795 0469 00       		.byte	0
 796 046a 13       		.uleb128 0x13
 797 046b C1020000 		.4byte	.LASF82
 798 046f 01       		.byte	0x1
 799 0470 93       		.byte	0x93
 800 0471 00000000 		.4byte	.LFB39
 801 0475 14000000 		.4byte	.LFE39-.LFB39
 802 0479 01       		.uleb128 0x1
 803 047a 9C       		.byte	0x9c
 804 047b 9A040000 		.4byte	0x49a
 805 047f 14       		.uleb128 0x14
 806 0480 AC050000 		.4byte	.LASF72
 807 0484 01       		.byte	0x1
 808 0485 93       		.byte	0x93
 809 0486 6A030000 		.4byte	0x36a
 810 048a 01       		.uleb128 0x1
ARM GAS  C:\Users\David\AppData\Local\Temp\ccCqDwUD.s 			page 18


 811 048b 50       		.byte	0x50
 812 048c 1C       		.uleb128 0x1c
 813 048d 6900     		.ascii	"i\000"
 814 048f 01       		.byte	0x1
 815 0490 94       		.byte	0x94
 816 0491 A2000000 		.4byte	0xa2
 817 0495 32010000 		.4byte	.LLST6
 818 0499 00       		.byte	0
 819 049a 10       		.uleb128 0x10
 820 049b FC020000 		.4byte	0x2fc
 821 049f AA040000 		.4byte	0x4aa
 822 04a3 11       		.uleb128 0x11
 823 04a4 DD000000 		.4byte	0xdd
 824 04a8 00       		.byte	0
 825 04a9 00       		.byte	0
 826 04aa 1D       		.uleb128 0x1d
 827 04ab 00080000 		.4byte	.LASF83
 828 04af 08       		.byte	0x8
 829 04b0 8A       		.byte	0x8a
 830 04b1 B5040000 		.4byte	0x4b5
 831 04b5 1E       		.uleb128 0x1e
 832 04b6 9A040000 		.4byte	0x49a
 833 04ba 1F       		.uleb128 0x1f
 834 04bb B0020000 		.4byte	.LASF84
 835 04bf 0A       		.byte	0xa
 836 04c0 0509     		.2byte	0x905
 837 04c2 DF010000 		.4byte	0x1df
 838 04c6 1F       		.uleb128 0x1f
 839 04c7 3D050000 		.4byte	.LASF85
 840 04cb 0A       		.byte	0xa
 841 04cc 0609     		.2byte	0x906
 842 04ce D8000000 		.4byte	0xd8
 843 04d2 20       		.uleb128 0x20
 844 04d3 5E070000 		.4byte	.LASF90
 845 04d7 07       		.byte	0x7
 846 04d8 D8       		.byte	0xd8
 847 04d9 9D010000 		.4byte	0x19d
 848 04dd EC040000 		.4byte	0x4ec
 849 04e1 21       		.uleb128 0x21
 850 04e2 DF010000 		.4byte	0x1df
 851 04e6 21       		.uleb128 0x21
 852 04e7 EC040000 		.4byte	0x4ec
 853 04eb 00       		.byte	0
 854 04ec 0A       		.uleb128 0xa
 855 04ed 04       		.byte	0x4
 856 04ee 58020000 		.4byte	0x258
 857 04f2 00       		.byte	0
 858              		.section	.debug_abbrev,"",%progbits
 859              	.Ldebug_abbrev0:
 860 0000 01       		.uleb128 0x1
 861 0001 11       		.uleb128 0x11
 862 0002 01       		.byte	0x1
 863 0003 25       		.uleb128 0x25
 864 0004 0E       		.uleb128 0xe
 865 0005 13       		.uleb128 0x13
 866 0006 0B       		.uleb128 0xb
 867 0007 03       		.uleb128 0x3
ARM GAS  C:\Users\David\AppData\Local\Temp\ccCqDwUD.s 			page 19


 868 0008 0E       		.uleb128 0xe
 869 0009 1B       		.uleb128 0x1b
 870 000a 0E       		.uleb128 0xe
 871 000b 55       		.uleb128 0x55
 872 000c 17       		.uleb128 0x17
 873 000d 11       		.uleb128 0x11
 874 000e 01       		.uleb128 0x1
 875 000f 10       		.uleb128 0x10
 876 0010 17       		.uleb128 0x17
 877 0011 00       		.byte	0
 878 0012 00       		.byte	0
 879 0013 02       		.uleb128 0x2
 880 0014 24       		.uleb128 0x24
 881 0015 00       		.byte	0
 882 0016 0B       		.uleb128 0xb
 883 0017 0B       		.uleb128 0xb
 884 0018 3E       		.uleb128 0x3e
 885 0019 0B       		.uleb128 0xb
 886 001a 03       		.uleb128 0x3
 887 001b 0E       		.uleb128 0xe
 888 001c 00       		.byte	0
 889 001d 00       		.byte	0
 890 001e 03       		.uleb128 0x3
 891 001f 16       		.uleb128 0x16
 892 0020 00       		.byte	0
 893 0021 03       		.uleb128 0x3
 894 0022 0E       		.uleb128 0xe
 895 0023 3A       		.uleb128 0x3a
 896 0024 0B       		.uleb128 0xb
 897 0025 3B       		.uleb128 0x3b
 898 0026 0B       		.uleb128 0xb
 899 0027 49       		.uleb128 0x49
 900 0028 13       		.uleb128 0x13
 901 0029 00       		.byte	0
 902 002a 00       		.byte	0
 903 002b 04       		.uleb128 0x4
 904 002c 24       		.uleb128 0x24
 905 002d 00       		.byte	0
 906 002e 0B       		.uleb128 0xb
 907 002f 0B       		.uleb128 0xb
 908 0030 3E       		.uleb128 0x3e
 909 0031 0B       		.uleb128 0xb
 910 0032 03       		.uleb128 0x3
 911 0033 08       		.uleb128 0x8
 912 0034 00       		.byte	0
 913 0035 00       		.byte	0
 914 0036 05       		.uleb128 0x5
 915 0037 35       		.uleb128 0x35
 916 0038 00       		.byte	0
 917 0039 49       		.uleb128 0x49
 918 003a 13       		.uleb128 0x13
 919 003b 00       		.byte	0
 920 003c 00       		.byte	0
 921 003d 06       		.uleb128 0x6
 922 003e 0F       		.uleb128 0xf
 923 003f 00       		.byte	0
 924 0040 0B       		.uleb128 0xb
ARM GAS  C:\Users\David\AppData\Local\Temp\ccCqDwUD.s 			page 20


 925 0041 0B       		.uleb128 0xb
 926 0042 00       		.byte	0
 927 0043 00       		.byte	0
 928 0044 07       		.uleb128 0x7
 929 0045 04       		.uleb128 0x4
 930 0046 01       		.byte	0x1
 931 0047 0B       		.uleb128 0xb
 932 0048 0B       		.uleb128 0xb
 933 0049 3A       		.uleb128 0x3a
 934 004a 0B       		.uleb128 0xb
 935 004b 3B       		.uleb128 0x3b
 936 004c 05       		.uleb128 0x5
 937 004d 01       		.uleb128 0x1
 938 004e 13       		.uleb128 0x13
 939 004f 00       		.byte	0
 940 0050 00       		.byte	0
 941 0051 08       		.uleb128 0x8
 942 0052 28       		.uleb128 0x28
 943 0053 00       		.byte	0
 944 0054 03       		.uleb128 0x3
 945 0055 0E       		.uleb128 0xe
 946 0056 1C       		.uleb128 0x1c
 947 0057 0D       		.uleb128 0xd
 948 0058 00       		.byte	0
 949 0059 00       		.byte	0
 950 005a 09       		.uleb128 0x9
 951 005b 16       		.uleb128 0x16
 952 005c 00       		.byte	0
 953 005d 03       		.uleb128 0x3
 954 005e 0E       		.uleb128 0xe
 955 005f 3A       		.uleb128 0x3a
 956 0060 0B       		.uleb128 0xb
 957 0061 3B       		.uleb128 0x3b
 958 0062 05       		.uleb128 0x5
 959 0063 49       		.uleb128 0x49
 960 0064 13       		.uleb128 0x13
 961 0065 00       		.byte	0
 962 0066 00       		.byte	0
 963 0067 0A       		.uleb128 0xa
 964 0068 0F       		.uleb128 0xf
 965 0069 00       		.byte	0
 966 006a 0B       		.uleb128 0xb
 967 006b 0B       		.uleb128 0xb
 968 006c 49       		.uleb128 0x49
 969 006d 13       		.uleb128 0x13
 970 006e 00       		.byte	0
 971 006f 00       		.byte	0
 972 0070 0B       		.uleb128 0xb
 973 0071 13       		.uleb128 0x13
 974 0072 01       		.byte	0x1
 975 0073 0B       		.uleb128 0xb
 976 0074 0B       		.uleb128 0xb
 977 0075 3A       		.uleb128 0x3a
 978 0076 0B       		.uleb128 0xb
 979 0077 3B       		.uleb128 0x3b
 980 0078 05       		.uleb128 0x5
 981 0079 01       		.uleb128 0x1
ARM GAS  C:\Users\David\AppData\Local\Temp\ccCqDwUD.s 			page 21


 982 007a 13       		.uleb128 0x13
 983 007b 00       		.byte	0
 984 007c 00       		.byte	0
 985 007d 0C       		.uleb128 0xc
 986 007e 0D       		.uleb128 0xd
 987 007f 00       		.byte	0
 988 0080 03       		.uleb128 0x3
 989 0081 0E       		.uleb128 0xe
 990 0082 3A       		.uleb128 0x3a
 991 0083 0B       		.uleb128 0xb
 992 0084 3B       		.uleb128 0x3b
 993 0085 05       		.uleb128 0x5
 994 0086 49       		.uleb128 0x49
 995 0087 13       		.uleb128 0x13
 996 0088 38       		.uleb128 0x38
 997 0089 0B       		.uleb128 0xb
 998 008a 00       		.byte	0
 999 008b 00       		.byte	0
 1000 008c 0D       		.uleb128 0xd
 1001 008d 0D       		.uleb128 0xd
 1002 008e 00       		.byte	0
 1003 008f 03       		.uleb128 0x3
 1004 0090 08       		.uleb128 0x8
 1005 0091 3A       		.uleb128 0x3a
 1006 0092 0B       		.uleb128 0xb
 1007 0093 3B       		.uleb128 0x3b
 1008 0094 05       		.uleb128 0x5
 1009 0095 49       		.uleb128 0x49
 1010 0096 13       		.uleb128 0x13
 1011 0097 38       		.uleb128 0x38
 1012 0098 0B       		.uleb128 0xb
 1013 0099 00       		.byte	0
 1014 009a 00       		.byte	0
 1015 009b 0E       		.uleb128 0xe
 1016 009c 13       		.uleb128 0x13
 1017 009d 01       		.byte	0x1
 1018 009e 0B       		.uleb128 0xb
 1019 009f 0B       		.uleb128 0xb
 1020 00a0 3A       		.uleb128 0x3a
 1021 00a1 0B       		.uleb128 0xb
 1022 00a2 3B       		.uleb128 0x3b
 1023 00a3 0B       		.uleb128 0xb
 1024 00a4 01       		.uleb128 0x1
 1025 00a5 13       		.uleb128 0x13
 1026 00a6 00       		.byte	0
 1027 00a7 00       		.byte	0
 1028 00a8 0F       		.uleb128 0xf
 1029 00a9 0D       		.uleb128 0xd
 1030 00aa 00       		.byte	0
 1031 00ab 03       		.uleb128 0x3
 1032 00ac 0E       		.uleb128 0xe
 1033 00ad 3A       		.uleb128 0x3a
 1034 00ae 0B       		.uleb128 0xb
 1035 00af 3B       		.uleb128 0x3b
 1036 00b0 0B       		.uleb128 0xb
 1037 00b1 49       		.uleb128 0x49
 1038 00b2 13       		.uleb128 0x13
ARM GAS  C:\Users\David\AppData\Local\Temp\ccCqDwUD.s 			page 22


 1039 00b3 38       		.uleb128 0x38
 1040 00b4 0B       		.uleb128 0xb
 1041 00b5 00       		.byte	0
 1042 00b6 00       		.byte	0
 1043 00b7 10       		.uleb128 0x10
 1044 00b8 01       		.uleb128 0x1
 1045 00b9 01       		.byte	0x1
 1046 00ba 49       		.uleb128 0x49
 1047 00bb 13       		.uleb128 0x13
 1048 00bc 01       		.uleb128 0x1
 1049 00bd 13       		.uleb128 0x13
 1050 00be 00       		.byte	0
 1051 00bf 00       		.byte	0
 1052 00c0 11       		.uleb128 0x11
 1053 00c1 21       		.uleb128 0x21
 1054 00c2 00       		.byte	0
 1055 00c3 49       		.uleb128 0x49
 1056 00c4 13       		.uleb128 0x13
 1057 00c5 2F       		.uleb128 0x2f
 1058 00c6 0B       		.uleb128 0xb
 1059 00c7 00       		.byte	0
 1060 00c8 00       		.byte	0
 1061 00c9 12       		.uleb128 0x12
 1062 00ca 13       		.uleb128 0x13
 1063 00cb 01       		.byte	0x1
 1064 00cc 03       		.uleb128 0x3
 1065 00cd 0E       		.uleb128 0xe
 1066 00ce 0B       		.uleb128 0xb
 1067 00cf 0B       		.uleb128 0xb
 1068 00d0 3A       		.uleb128 0x3a
 1069 00d1 0B       		.uleb128 0xb
 1070 00d2 3B       		.uleb128 0x3b
 1071 00d3 0B       		.uleb128 0xb
 1072 00d4 01       		.uleb128 0x1
 1073 00d5 13       		.uleb128 0x13
 1074 00d6 00       		.byte	0
 1075 00d7 00       		.byte	0
 1076 00d8 13       		.uleb128 0x13
 1077 00d9 2E       		.uleb128 0x2e
 1078 00da 01       		.byte	0x1
 1079 00db 3F       		.uleb128 0x3f
 1080 00dc 19       		.uleb128 0x19
 1081 00dd 03       		.uleb128 0x3
 1082 00de 0E       		.uleb128 0xe
 1083 00df 3A       		.uleb128 0x3a
 1084 00e0 0B       		.uleb128 0xb
 1085 00e1 3B       		.uleb128 0x3b
 1086 00e2 0B       		.uleb128 0xb
 1087 00e3 27       		.uleb128 0x27
 1088 00e4 19       		.uleb128 0x19
 1089 00e5 11       		.uleb128 0x11
 1090 00e6 01       		.uleb128 0x1
 1091 00e7 12       		.uleb128 0x12
 1092 00e8 06       		.uleb128 0x6
 1093 00e9 40       		.uleb128 0x40
 1094 00ea 18       		.uleb128 0x18
 1095 00eb 9742     		.uleb128 0x2117
ARM GAS  C:\Users\David\AppData\Local\Temp\ccCqDwUD.s 			page 23


 1096 00ed 19       		.uleb128 0x19
 1097 00ee 01       		.uleb128 0x1
 1098 00ef 13       		.uleb128 0x13
 1099 00f0 00       		.byte	0
 1100 00f1 00       		.byte	0
 1101 00f2 14       		.uleb128 0x14
 1102 00f3 05       		.uleb128 0x5
 1103 00f4 00       		.byte	0
 1104 00f5 03       		.uleb128 0x3
 1105 00f6 0E       		.uleb128 0xe
 1106 00f7 3A       		.uleb128 0x3a
 1107 00f8 0B       		.uleb128 0xb
 1108 00f9 3B       		.uleb128 0x3b
 1109 00fa 0B       		.uleb128 0xb
 1110 00fb 49       		.uleb128 0x49
 1111 00fc 13       		.uleb128 0x13
 1112 00fd 02       		.uleb128 0x2
 1113 00fe 18       		.uleb128 0x18
 1114 00ff 00       		.byte	0
 1115 0100 00       		.byte	0
 1116 0101 15       		.uleb128 0x15
 1117 0102 2E       		.uleb128 0x2e
 1118 0103 01       		.byte	0x1
 1119 0104 3F       		.uleb128 0x3f
 1120 0105 19       		.uleb128 0x19
 1121 0106 03       		.uleb128 0x3
 1122 0107 0E       		.uleb128 0xe
 1123 0108 3A       		.uleb128 0x3a
 1124 0109 0B       		.uleb128 0xb
 1125 010a 3B       		.uleb128 0x3b
 1126 010b 0B       		.uleb128 0xb
 1127 010c 27       		.uleb128 0x27
 1128 010d 19       		.uleb128 0x19
 1129 010e 49       		.uleb128 0x49
 1130 010f 13       		.uleb128 0x13
 1131 0110 11       		.uleb128 0x11
 1132 0111 01       		.uleb128 0x1
 1133 0112 12       		.uleb128 0x12
 1134 0113 06       		.uleb128 0x6
 1135 0114 40       		.uleb128 0x40
 1136 0115 18       		.uleb128 0x18
 1137 0116 9742     		.uleb128 0x2117
 1138 0118 19       		.uleb128 0x19
 1139 0119 01       		.uleb128 0x1
 1140 011a 13       		.uleb128 0x13
 1141 011b 00       		.byte	0
 1142 011c 00       		.byte	0
 1143 011d 16       		.uleb128 0x16
 1144 011e 05       		.uleb128 0x5
 1145 011f 00       		.byte	0
 1146 0120 03       		.uleb128 0x3
 1147 0121 0E       		.uleb128 0xe
 1148 0122 3A       		.uleb128 0x3a
 1149 0123 0B       		.uleb128 0xb
 1150 0124 3B       		.uleb128 0x3b
 1151 0125 0B       		.uleb128 0xb
 1152 0126 49       		.uleb128 0x49
ARM GAS  C:\Users\David\AppData\Local\Temp\ccCqDwUD.s 			page 24


 1153 0127 13       		.uleb128 0x13
 1154 0128 02       		.uleb128 0x2
 1155 0129 17       		.uleb128 0x17
 1156 012a 00       		.byte	0
 1157 012b 00       		.byte	0
 1158 012c 17       		.uleb128 0x17
 1159 012d 34       		.uleb128 0x34
 1160 012e 00       		.byte	0
 1161 012f 03       		.uleb128 0x3
 1162 0130 0E       		.uleb128 0xe
 1163 0131 3A       		.uleb128 0x3a
 1164 0132 0B       		.uleb128 0xb
 1165 0133 3B       		.uleb128 0x3b
 1166 0134 0B       		.uleb128 0xb
 1167 0135 49       		.uleb128 0x49
 1168 0136 13       		.uleb128 0x13
 1169 0137 02       		.uleb128 0x2
 1170 0138 17       		.uleb128 0x17
 1171 0139 00       		.byte	0
 1172 013a 00       		.byte	0
 1173 013b 18       		.uleb128 0x18
 1174 013c 34       		.uleb128 0x34
 1175 013d 00       		.byte	0
 1176 013e 03       		.uleb128 0x3
 1177 013f 0E       		.uleb128 0xe
 1178 0140 3A       		.uleb128 0x3a
 1179 0141 0B       		.uleb128 0xb
 1180 0142 3B       		.uleb128 0x3b
 1181 0143 0B       		.uleb128 0xb
 1182 0144 49       		.uleb128 0x49
 1183 0145 13       		.uleb128 0x13
 1184 0146 02       		.uleb128 0x2
 1185 0147 18       		.uleb128 0x18
 1186 0148 00       		.byte	0
 1187 0149 00       		.byte	0
 1188 014a 19       		.uleb128 0x19
 1189 014b 898201   		.uleb128 0x4109
 1190 014e 01       		.byte	0x1
 1191 014f 11       		.uleb128 0x11
 1192 0150 01       		.uleb128 0x1
 1193 0151 31       		.uleb128 0x31
 1194 0152 13       		.uleb128 0x13
 1195 0153 00       		.byte	0
 1196 0154 00       		.byte	0
 1197 0155 1A       		.uleb128 0x1a
 1198 0156 8A8201   		.uleb128 0x410a
 1199 0159 00       		.byte	0
 1200 015a 02       		.uleb128 0x2
 1201 015b 18       		.uleb128 0x18
 1202 015c 9142     		.uleb128 0x2111
 1203 015e 18       		.uleb128 0x18
 1204 015f 00       		.byte	0
 1205 0160 00       		.byte	0
 1206 0161 1B       		.uleb128 0x1b
 1207 0162 34       		.uleb128 0x34
 1208 0163 00       		.byte	0
 1209 0164 03       		.uleb128 0x3
ARM GAS  C:\Users\David\AppData\Local\Temp\ccCqDwUD.s 			page 25


 1210 0165 0E       		.uleb128 0xe
 1211 0166 3A       		.uleb128 0x3a
 1212 0167 0B       		.uleb128 0xb
 1213 0168 3B       		.uleb128 0x3b
 1214 0169 0B       		.uleb128 0xb
 1215 016a 49       		.uleb128 0x49
 1216 016b 13       		.uleb128 0x13
 1217 016c 1C       		.uleb128 0x1c
 1218 016d 0B       		.uleb128 0xb
 1219 016e 00       		.byte	0
 1220 016f 00       		.byte	0
 1221 0170 1C       		.uleb128 0x1c
 1222 0171 34       		.uleb128 0x34
 1223 0172 00       		.byte	0
 1224 0173 03       		.uleb128 0x3
 1225 0174 08       		.uleb128 0x8
 1226 0175 3A       		.uleb128 0x3a
 1227 0176 0B       		.uleb128 0xb
 1228 0177 3B       		.uleb128 0x3b
 1229 0178 0B       		.uleb128 0xb
 1230 0179 49       		.uleb128 0x49
 1231 017a 13       		.uleb128 0x13
 1232 017b 02       		.uleb128 0x2
 1233 017c 17       		.uleb128 0x17
 1234 017d 00       		.byte	0
 1235 017e 00       		.byte	0
 1236 017f 1D       		.uleb128 0x1d
 1237 0180 34       		.uleb128 0x34
 1238 0181 00       		.byte	0
 1239 0182 03       		.uleb128 0x3
 1240 0183 0E       		.uleb128 0xe
 1241 0184 3A       		.uleb128 0x3a
 1242 0185 0B       		.uleb128 0xb
 1243 0186 3B       		.uleb128 0x3b
 1244 0187 0B       		.uleb128 0xb
 1245 0188 49       		.uleb128 0x49
 1246 0189 13       		.uleb128 0x13
 1247 018a 3F       		.uleb128 0x3f
 1248 018b 19       		.uleb128 0x19
 1249 018c 3C       		.uleb128 0x3c
 1250 018d 19       		.uleb128 0x19
 1251 018e 00       		.byte	0
 1252 018f 00       		.byte	0
 1253 0190 1E       		.uleb128 0x1e
 1254 0191 26       		.uleb128 0x26
 1255 0192 00       		.byte	0
 1256 0193 49       		.uleb128 0x49
 1257 0194 13       		.uleb128 0x13
 1258 0195 00       		.byte	0
 1259 0196 00       		.byte	0
 1260 0197 1F       		.uleb128 0x1f
 1261 0198 34       		.uleb128 0x34
 1262 0199 00       		.byte	0
 1263 019a 03       		.uleb128 0x3
 1264 019b 0E       		.uleb128 0xe
 1265 019c 3A       		.uleb128 0x3a
 1266 019d 0B       		.uleb128 0xb
ARM GAS  C:\Users\David\AppData\Local\Temp\ccCqDwUD.s 			page 26


 1267 019e 3B       		.uleb128 0x3b
 1268 019f 05       		.uleb128 0x5
 1269 01a0 49       		.uleb128 0x49
 1270 01a1 13       		.uleb128 0x13
 1271 01a2 3F       		.uleb128 0x3f
 1272 01a3 19       		.uleb128 0x19
 1273 01a4 3C       		.uleb128 0x3c
 1274 01a5 19       		.uleb128 0x19
 1275 01a6 00       		.byte	0
 1276 01a7 00       		.byte	0
 1277 01a8 20       		.uleb128 0x20
 1278 01a9 2E       		.uleb128 0x2e
 1279 01aa 01       		.byte	0x1
 1280 01ab 3F       		.uleb128 0x3f
 1281 01ac 19       		.uleb128 0x19
 1282 01ad 03       		.uleb128 0x3
 1283 01ae 0E       		.uleb128 0xe
 1284 01af 3A       		.uleb128 0x3a
 1285 01b0 0B       		.uleb128 0xb
 1286 01b1 3B       		.uleb128 0x3b
 1287 01b2 0B       		.uleb128 0xb
 1288 01b3 27       		.uleb128 0x27
 1289 01b4 19       		.uleb128 0x19
 1290 01b5 49       		.uleb128 0x49
 1291 01b6 13       		.uleb128 0x13
 1292 01b7 3C       		.uleb128 0x3c
 1293 01b8 19       		.uleb128 0x19
 1294 01b9 01       		.uleb128 0x1
 1295 01ba 13       		.uleb128 0x13
 1296 01bb 00       		.byte	0
 1297 01bc 00       		.byte	0
 1298 01bd 21       		.uleb128 0x21
 1299 01be 05       		.uleb128 0x5
 1300 01bf 00       		.byte	0
 1301 01c0 49       		.uleb128 0x49
 1302 01c1 13       		.uleb128 0x13
 1303 01c2 00       		.byte	0
 1304 01c3 00       		.byte	0
 1305 01c4 00       		.byte	0
 1306              		.section	.debug_loc,"",%progbits
 1307              	.Ldebug_loc0:
 1308              	.LLST0:
 1309 0000 00000000 		.4byte	.LVL1
 1310 0004 0C000000 		.4byte	.LVL3
 1311 0008 0100     		.2byte	0x1
 1312 000a 50       		.byte	0x50
 1313 000b 0C000000 		.4byte	.LVL3
 1314 000f 0E000000 		.4byte	.LVL4
 1315 0013 0400     		.2byte	0x4
 1316 0015 F3       		.byte	0xf3
 1317 0016 01       		.uleb128 0x1
 1318 0017 50       		.byte	0x50
 1319 0018 9F       		.byte	0x9f
 1320 0019 0E000000 		.4byte	.LVL4
 1321 001d 10000000 		.4byte	.LVL5
 1322 0021 0100     		.2byte	0x1
 1323 0023 50       		.byte	0x50
ARM GAS  C:\Users\David\AppData\Local\Temp\ccCqDwUD.s 			page 27


 1324 0024 10000000 		.4byte	.LVL5
 1325 0028 1C000000 		.4byte	.LFE36
 1326 002c 0400     		.2byte	0x4
 1327 002e F3       		.byte	0xf3
 1328 002f 01       		.uleb128 0x1
 1329 0030 50       		.byte	0x50
 1330 0031 9F       		.byte	0x9f
 1331 0032 00000000 		.4byte	0
 1332 0036 00000000 		.4byte	0
 1333              	.LLST1:
 1334 003a 00000000 		.4byte	.LVL1
 1335 003e 10000000 		.4byte	.LVL5
 1336 0042 0200     		.2byte	0x2
 1337 0044 30       		.byte	0x30
 1338 0045 9F       		.byte	0x9f
 1339 0046 10000000 		.4byte	.LVL5
 1340 004a 12000000 		.4byte	.LVL6
 1341 004e 0100     		.2byte	0x1
 1342 0050 50       		.byte	0x50
 1343 0051 00000000 		.4byte	0
 1344 0055 00000000 		.4byte	0
 1345              	.LLST2:
 1346 0059 00000000 		.4byte	.LVL7
 1347 005d 22000000 		.4byte	.LVL10
 1348 0061 0100     		.2byte	0x1
 1349 0063 50       		.byte	0x50
 1350 0064 22000000 		.4byte	.LVL10
 1351 0068 2B000000 		.4byte	.LVL11-1
 1352 006c 0200     		.2byte	0x2
 1353 006e 73       		.byte	0x73
 1354 006f 00       		.sleb128 0
 1355 0070 2B000000 		.4byte	.LVL11-1
 1356 0074 32000000 		.4byte	.LVL12
 1357 0078 0400     		.2byte	0x4
 1358 007a F3       		.byte	0xf3
 1359 007b 01       		.uleb128 0x1
 1360 007c 50       		.byte	0x50
 1361 007d 9F       		.byte	0x9f
 1362 007e 32000000 		.4byte	.LVL12
 1363 0082 34000000 		.4byte	.LVL13
 1364 0086 0100     		.2byte	0x1
 1365 0088 50       		.byte	0x50
 1366 0089 34000000 		.4byte	.LVL13
 1367 008d 36000000 		.4byte	.LVL14
 1368 0091 0400     		.2byte	0x4
 1369 0093 F3       		.byte	0xf3
 1370 0094 01       		.uleb128 0x1
 1371 0095 50       		.byte	0x50
 1372 0096 9F       		.byte	0x9f
 1373 0097 36000000 		.4byte	.LVL14
 1374 009b 38000000 		.4byte	.LVL15
 1375 009f 0100     		.2byte	0x1
 1376 00a1 50       		.byte	0x50
 1377 00a2 38000000 		.4byte	.LVL15
 1378 00a6 50000000 		.4byte	.LFE37
 1379 00aa 0400     		.2byte	0x4
 1380 00ac F3       		.byte	0xf3
ARM GAS  C:\Users\David\AppData\Local\Temp\ccCqDwUD.s 			page 28


 1381 00ad 01       		.uleb128 0x1
 1382 00ae 50       		.byte	0x50
 1383 00af 9F       		.byte	0x9f
 1384 00b0 00000000 		.4byte	0
 1385 00b4 00000000 		.4byte	0
 1386              	.LLST3:
 1387 00b8 00000000 		.4byte	.LVL7
 1388 00bc 20000000 		.4byte	.LVL9
 1389 00c0 0100     		.2byte	0x1
 1390 00c2 51       		.byte	0x51
 1391 00c3 20000000 		.4byte	.LVL9
 1392 00c7 32000000 		.4byte	.LVL12
 1393 00cb 0400     		.2byte	0x4
 1394 00cd F3       		.byte	0xf3
 1395 00ce 01       		.uleb128 0x1
 1396 00cf 51       		.byte	0x51
 1397 00d0 9F       		.byte	0x9f
 1398 00d1 32000000 		.4byte	.LVL12
 1399 00d5 3A000000 		.4byte	.LVL16
 1400 00d9 0100     		.2byte	0x1
 1401 00db 51       		.byte	0x51
 1402 00dc 3A000000 		.4byte	.LVL16
 1403 00e0 50000000 		.4byte	.LFE37
 1404 00e4 0400     		.2byte	0x4
 1405 00e6 F3       		.byte	0xf3
 1406 00e7 01       		.uleb128 0x1
 1407 00e8 51       		.byte	0x51
 1408 00e9 9F       		.byte	0x9f
 1409 00ea 00000000 		.4byte	0
 1410 00ee 00000000 		.4byte	0
 1411              	.LLST4:
 1412 00f2 04000000 		.4byte	.LVL8
 1413 00f6 3C000000 		.4byte	.LVL17
 1414 00fa 0200     		.2byte	0x2
 1415 00fc 30       		.byte	0x30
 1416 00fd 9F       		.byte	0x9f
 1417 00fe 3C000000 		.4byte	.LVL17
 1418 0102 3E000000 		.4byte	.LVL18
 1419 0106 0100     		.2byte	0x1
 1420 0108 50       		.byte	0x50
 1421 0109 00000000 		.4byte	0
 1422 010d 00000000 		.4byte	0
 1423              	.LLST5:
 1424 0111 00000000 		.4byte	.LVL19
 1425 0115 1C000000 		.4byte	.LVL20
 1426 0119 0100     		.2byte	0x1
 1427 011b 50       		.byte	0x50
 1428 011c 1C000000 		.4byte	.LVL20
 1429 0120 24000000 		.4byte	.LFE38
 1430 0124 0400     		.2byte	0x4
 1431 0126 F3       		.byte	0xf3
 1432 0127 01       		.uleb128 0x1
 1433 0128 50       		.byte	0x50
 1434 0129 9F       		.byte	0x9f
 1435 012a 00000000 		.4byte	0
 1436 012e 00000000 		.4byte	0
 1437              	.LLST6:
ARM GAS  C:\Users\David\AppData\Local\Temp\ccCqDwUD.s 			page 29


 1438 0132 04000000 		.4byte	.LVL22
 1439 0136 08000000 		.4byte	.LVL23
 1440 013a 0200     		.2byte	0x2
 1441 013c 30       		.byte	0x30
 1442 013d 9F       		.byte	0x9f
 1443 013e 08000000 		.4byte	.LVL23
 1444 0142 0C000000 		.4byte	.LVL24
 1445 0146 0100     		.2byte	0x1
 1446 0148 53       		.byte	0x53
 1447 0149 0C000000 		.4byte	.LVL24
 1448 014d 0E000000 		.4byte	.LVL25
 1449 0151 0300     		.2byte	0x3
 1450 0153 73       		.byte	0x73
 1451 0154 7F       		.sleb128 -1
 1452 0155 9F       		.byte	0x9f
 1453 0156 0E000000 		.4byte	.LVL25
 1454 015a 14000000 		.4byte	.LFE39
 1455 015e 0100     		.2byte	0x1
 1456 0160 53       		.byte	0x53
 1457 0161 00000000 		.4byte	0
 1458 0165 00000000 		.4byte	0
 1459              		.section	.debug_aranges,"",%progbits
 1460 0000 3C000000 		.4byte	0x3c
 1461 0004 0200     		.2byte	0x2
 1462 0006 00000000 		.4byte	.Ldebug_info0
 1463 000a 04       		.byte	0x4
 1464 000b 00       		.byte	0
 1465 000c 0000     		.2byte	0
 1466 000e 0000     		.2byte	0
 1467 0010 00000000 		.4byte	.LFB35
 1468 0014 02000000 		.4byte	.LFE35-.LFB35
 1469 0018 00000000 		.4byte	.LFB36
 1470 001c 1C000000 		.4byte	.LFE36-.LFB36
 1471 0020 00000000 		.4byte	.LFB37
 1472 0024 50000000 		.4byte	.LFE37-.LFB37
 1473 0028 00000000 		.4byte	.LFB38
 1474 002c 24000000 		.4byte	.LFE38-.LFB38
 1475 0030 00000000 		.4byte	.LFB39
 1476 0034 14000000 		.4byte	.LFE39-.LFB39
 1477 0038 00000000 		.4byte	0
 1478 003c 00000000 		.4byte	0
 1479              		.section	.debug_ranges,"",%progbits
 1480              	.Ldebug_ranges0:
 1481 0000 00000000 		.4byte	.LFB35
 1482 0004 02000000 		.4byte	.LFE35
 1483 0008 00000000 		.4byte	.LFB36
 1484 000c 1C000000 		.4byte	.LFE36
 1485 0010 00000000 		.4byte	.LFB37
 1486 0014 50000000 		.4byte	.LFE37
 1487 0018 00000000 		.4byte	.LFB38
 1488 001c 24000000 		.4byte	.LFE38
 1489 0020 00000000 		.4byte	.LFB39
 1490 0024 14000000 		.4byte	.LFE39
 1491 0028 00000000 		.4byte	0
 1492 002c 00000000 		.4byte	0
 1493              		.section	.debug_line,"",%progbits
 1494              	.Ldebug_line0:
ARM GAS  C:\Users\David\AppData\Local\Temp\ccCqDwUD.s 			page 30


 1495 0000 5E020000 		.section	.debug_str,"MS",%progbits,1
 1495      0200D301 
 1495      00000201 
 1495      FB0E0D00 
 1495      01010101 
 1496              	.LASF36:
 1497 0000 4359424C 		.ascii	"CYBLE_ERROR_L2CAP_PSM_NOT_REGISTERED\000"
 1497      455F4552 
 1497      524F525F 
 1497      4C324341 
 1497      505F5053 
 1498              	.LASF35:
 1499 0025 4359424C 		.ascii	"CYBLE_ERROR_L2CAP_PSM_ALREADY_REGISTERED\000"
 1499      455F4552 
 1499      524F525F 
 1499      4C324341 
 1499      505F5053 
 1500              	.LASF71:
 1501 004e 73657269 		.ascii	"serialCommunicaitonService_t\000"
 1501      616C436F 
 1501      6D6D756E 
 1501      69636169 
 1501      746F6E53 
 1502              	.LASF31:
 1503 006b 4359424C 		.ascii	"CYBLE_ERROR_TX_POWER_READ\000"
 1503      455F4552 
 1503      524F525F 
 1503      54585F50 
 1503      4F574552 
 1504              	.LASF38:
 1505 0085 4359424C 		.ascii	"CYBLE_ERROR_L2CAP_CHANNEL_NOT_FOUND\000"
 1505      455F4552 
 1505      524F525F 
 1505      4C324341 
 1505      505F4348 
 1506              	.LASF4:
 1507 00a9 73686F72 		.ascii	"short int\000"
 1507      7420696E 
 1507      7400
 1508              	.LASF86:
 1509 00b3 474E5520 		.ascii	"GNU C 4.8.4 20140526 (release) [ARM/embedded-4_8-br"
 1509      4320342E 
 1509      382E3420 
 1509      32303134 
 1509      30353236 
 1510 00e6 616E6368 		.ascii	"anch revision 211358] -mcpu=cortex-m0 -mthumb -g -O"
 1510      20726576 
 1510      6973696F 
 1510      6E203231 
 1510      31333538 
 1511 0119 67202D66 		.ascii	"g -ffunction-sections\000"
 1511      66756E63 
 1511      74696F6E 
 1511      2D736563 
 1511      74696F6E 
 1512              	.LASF20:
 1513 012f 73697A65 		.ascii	"sizetype\000"
ARM GAS  C:\Users\David\AppData\Local\Temp\ccCqDwUD.s 			page 31


 1513      74797065 
 1513      00
 1514              	.LASF76:
 1515 0138 53657269 		.ascii	"SerialCommunicationServiceCharacteristicHandler\000"
 1515      616C436F 
 1515      6D6D756E 
 1515      69636174 
 1515      696F6E53 
 1516              	.LASF21:
 1517 0168 4359424C 		.ascii	"CYBLE_ERROR_OK\000"
 1517      455F4552 
 1517      524F525F 
 1517      4F4B00
 1518              	.LASF5:
 1519 0177 5F5F7569 		.ascii	"__uint16_t\000"
 1519      6E743136 
 1519      5F7400
 1520              	.LASF42:
 1521 0182 4359424C 		.ascii	"CYBLE_ERROR_FLASH_WRITE_NOT_PERMITED\000"
 1521      455F4552 
 1521      524F525F 
 1521      464C4153 
 1521      485F5752 
 1522              	.LASF70:
 1523 01a7 74784E6F 		.ascii	"txNotify\000"
 1523      74696679 
 1523      00
 1524              	.LASF66:
 1525 01b0 63757374 		.ascii	"customServHandle\000"
 1525      6F6D5365 
 1525      72764861 
 1525      6E646C65 
 1525      00
 1526              	.LASF43:
 1527 01c1 4359424C 		.ascii	"CYBLE_ERROR_MIC_AUTH_FAILED\000"
 1527      455F4552 
 1527      524F525F 
 1527      4D49435F 
 1527      41555448 
 1528              	.LASF22:
 1529 01dd 4359424C 		.ascii	"CYBLE_ERROR_INVALID_PARAMETER\000"
 1529      455F4552 
 1529      524F525F 
 1529      494E5641 
 1529      4C49445F 
 1530              	.LASF26:
 1531 01fb 4359424C 		.ascii	"CYBLE_ERROR_OOB_NOT_AVAILABLE\000"
 1531      455F4552 
 1531      524F525F 
 1531      4F4F425F 
 1531      4E4F545F 
 1532              	.LASF56:
 1533 0219 76616C75 		.ascii	"value\000"
 1533      6500
 1534              	.LASF77:
 1535 021f 53657269 		.ascii	"SerialCommunicationServiceTxNotificationCCCD\000"
 1535      616C436F 
ARM GAS  C:\Users\David\AppData\Local\Temp\ccCqDwUD.s 			page 32


 1535      6D6D756E 
 1535      69636174 
 1535      696F6E53 
 1536              	.LASF16:
 1537 024c 75696E74 		.ascii	"uint16\000"
 1537      313600
 1538              	.LASF23:
 1539 0253 4359424C 		.ascii	"CYBLE_ERROR_INVALID_OPERATION\000"
 1539      455F4552 
 1539      524F525F 
 1539      494E5641 
 1539      4C49445F 
 1540              	.LASF12:
 1541 0271 75696E74 		.ascii	"uint8_t\000"
 1541      385F7400 
 1542              	.LASF78:
 1543 0279 64617461 		.ascii	"dataLength\000"
 1543      4C656E67 
 1543      746800
 1544              	.LASF64:
 1545 0284 63757374 		.ascii	"customServCharDesc\000"
 1545      6F6D5365 
 1545      72764368 
 1545      61724465 
 1545      736300
 1546              	.LASF15:
 1547 0297 75696E74 		.ascii	"uint8\000"
 1547      3800
 1548              	.LASF49:
 1549 029d 4359424C 		.ascii	"CYBLE_API_RESULT_T\000"
 1549      455F4150 
 1549      495F5245 
 1549      53554C54 
 1549      5F5400
 1550              	.LASF84:
 1551 02b0 6379426C 		.ascii	"cyBle_connHandle\000"
 1551      655F636F 
 1551      6E6E4861 
 1551      6E646C65 
 1551      00
 1552              	.LASF82:
 1553 02c1 53657269 		.ascii	"SerialCommunicationServiceReset\000"
 1553      616C436F 
 1553      6D6D756E 
 1553      69636174 
 1553      696F6E53 
 1554              	.LASF27:
 1555 02e1 4359424C 		.ascii	"CYBLE_ERROR_NO_CONNECTION\000"
 1555      455F4552 
 1555      524F525F 
 1555      4E4F5F43 
 1555      4F4E4E45 
 1556              	.LASF51:
 1557 02fb 62644861 		.ascii	"bdHandle\000"
 1557      6E646C65 
 1557      00
 1558              	.LASF25:
ARM GAS  C:\Users\David\AppData\Local\Temp\ccCqDwUD.s 			page 33


 1559 0304 4359424C 		.ascii	"CYBLE_ERROR_INSUFFICIENT_RESOURCES\000"
 1559      455F4552 
 1559      524F525F 
 1559      494E5355 
 1559      46464943 
 1560              	.LASF17:
 1561 0327 666C6F61 		.ascii	"float\000"
 1561      7400
 1562              	.LASF88:
 1563 032d 433A5C55 		.ascii	"C:\\Users\\David\\Documents\\GitHub\\Datson\\Firmwa"
 1563      73657273 
 1563      5C446176 
 1563      69645C44 
 1563      6F63756D 
 1564 035a 72655C44 		.ascii	"re\\Datson.cydsn\000"
 1564      6174736F 
 1564      6E2E6379 
 1564      64736E00 
 1565              	.LASF9:
 1566 036a 6C6F6E67 		.ascii	"long long int\000"
 1566      206C6F6E 
 1566      6720696E 
 1566      7400
 1567              	.LASF32:
 1568 0378 4359424C 		.ascii	"CYBLE_ERROR_BT_ON_NOT_COMPLETED\000"
 1568      455F4552 
 1568      524F525F 
 1568      42545F4F 
 1568      4E5F4E4F 
 1569              	.LASF65:
 1570 0398 4359424C 		.ascii	"CYBLE_CUSTOMS_INFO_T\000"
 1570      455F4355 
 1570      53544F4D 
 1570      535F494E 
 1570      464F5F54 
 1571              	.LASF59:
 1572 03ad 4359424C 		.ascii	"CYBLE_GATTS_HANDLE_VALUE_NTF_T\000"
 1572      455F4741 
 1572      5454535F 
 1572      48414E44 
 1572      4C455F56 
 1573              	.LASF7:
 1574 03cc 6C6F6E67 		.ascii	"long int\000"
 1574      20696E74 
 1574      00
 1575              	.LASF67:
 1576 03d5 63757374 		.ascii	"customServInfo\000"
 1576      6F6D5365 
 1576      7276496E 
 1576      666F00
 1577              	.LASF2:
 1578 03e4 5F5F7569 		.ascii	"__uint8_t\000"
 1578      6E74385F 
 1578      7400
 1579              	.LASF29:
 1580 03ee 4359424C 		.ascii	"CYBLE_ERROR_REPEATED_ATTEMPTS\000"
 1580      455F4552 
ARM GAS  C:\Users\David\AppData\Local\Temp\ccCqDwUD.s 			page 34


 1580      524F525F 
 1580      52455045 
 1580      41544544 
 1581              	.LASF62:
 1582 040c 4359424C 		.ascii	"CYBLE_GATTS_WRITE_REQ_PARAM_T\000"
 1582      455F4741 
 1582      5454535F 
 1582      57524954 
 1582      455F5245 
 1583              	.LASF89:
 1584 042a 73657269 		.ascii	"serialCommunicaitonService\000"
 1584      616C436F 
 1584      6D6D756E 
 1584      69636169 
 1584      746F6E53 
 1585              	.LASF79:
 1586 0445 6E6F7469 		.ascii	"notificationHandle\000"
 1586      66696361 
 1586      74696F6E 
 1586      48616E64 
 1586      6C6500
 1587              	.LASF68:
 1588 0458 4359424C 		.ascii	"CYBLE_CUSTOMS_T\000"
 1588      455F4355 
 1588      53544F4D 
 1588      535F5400 
 1589              	.LASF28:
 1590 0468 4359424C 		.ascii	"CYBLE_ERROR_NO_DEVICE_ENTITY\000"
 1590      455F4552 
 1590      524F525F 
 1590      4E4F5F44 
 1590      45564943 
 1591              	.LASF81:
 1592 0485 53657269 		.ascii	"SerialCommunicationInit\000"
 1592      616C436F 
 1592      6D6D756E 
 1592      69636174 
 1592      696F6E49 
 1593              	.LASF1:
 1594 049d 756E7369 		.ascii	"unsigned char\000"
 1594      676E6564 
 1594      20636861 
 1594      7200
 1595              	.LASF0:
 1596 04ab 7369676E 		.ascii	"signed char\000"
 1596      65642063 
 1596      68617200 
 1597              	.LASF10:
 1598 04b7 6C6F6E67 		.ascii	"long long unsigned int\000"
 1598      206C6F6E 
 1598      6720756E 
 1598      7369676E 
 1598      65642069 
 1599              	.LASF33:
 1600 04ce 4359424C 		.ascii	"CYBLE_ERROR_SEC_FAILED\000"
 1600      455F4552 
 1600      524F525F 
ARM GAS  C:\Users\David\AppData\Local\Temp\ccCqDwUD.s 			page 35


 1600      5345435F 
 1600      4641494C 
 1601              	.LASF30:
 1602 04e5 4359424C 		.ascii	"CYBLE_ERROR_GAP_ROLE\000"
 1602      455F4552 
 1602      524F525F 
 1602      4741505F 
 1602      524F4C45 
 1603              	.LASF11:
 1604 04fa 756E7369 		.ascii	"unsigned int\000"
 1604      676E6564 
 1604      20696E74 
 1604      00
 1605              	.LASF34:
 1606 0507 4359424C 		.ascii	"CYBLE_ERROR_L2CAP_PSM_WRONG_ENCODING\000"
 1606      455F4552 
 1606      524F525F 
 1606      4C324341 
 1606      505F5053 
 1607              	.LASF52:
 1608 052c 61747449 		.ascii	"attId\000"
 1608      6400
 1609              	.LASF60:
 1610 0532 636F6E6E 		.ascii	"connHandle\000"
 1610      48616E64 
 1610      6C6500
 1611              	.LASF85:
 1612 053d 6379426C 		.ascii	"cyBle_busyStatus\000"
 1612      655F6275 
 1612      73795374 
 1612      61747573 
 1612      00
 1613              	.LASF47:
 1614 054e 4359424C 		.ascii	"CYBLE_ERROR_CHAR_IS_NOT_DISCOVERED\000"
 1614      455F4552 
 1614      524F525F 
 1614      43484152 
 1614      5F49535F 
 1615              	.LASF6:
 1616 0571 73686F72 		.ascii	"short unsigned int\000"
 1616      7420756E 
 1616      7369676E 
 1616      65642069 
 1616      6E7400
 1617              	.LASF74:
 1618 0584 73746174 		.ascii	"status\000"
 1618      757300
 1619              	.LASF19:
 1620 058b 63686172 		.ascii	"char\000"
 1620      00
 1621              	.LASF14:
 1622 0590 75696E74 		.ascii	"uint16_t\000"
 1622      31365F74 
 1622      00
 1623              	.LASF55:
 1624 0599 4359424C 		.ascii	"CYBLE_GATT_VALUE_T\000"
 1624      455F4741 
ARM GAS  C:\Users\David\AppData\Local\Temp\ccCqDwUD.s 			page 36


 1624      54545F56 
 1624      414C5545 
 1624      5F5400
 1625              	.LASF72:
 1626 05ac 73657269 		.ascii	"serial\000"
 1626      616C00
 1627              	.LASF13:
 1628 05b3 696E7431 		.ascii	"int16_t\000"
 1628      365F7400 
 1629              	.LASF24:
 1630 05bb 4359424C 		.ascii	"CYBLE_ERROR_MEMORY_ALLOCATION_FAILED\000"
 1630      455F4552 
 1630      524F525F 
 1630      4D454D4F 
 1630      52595F41 
 1631              	.LASF61:
 1632 05e0 68616E64 		.ascii	"handleValPair\000"
 1632      6C655661 
 1632      6C506169 
 1632      7200
 1633              	.LASF50:
 1634 05ee 4359424C 		.ascii	"CYBLE_GATT_DB_ATTR_HANDLE_T\000"
 1634      455F4741 
 1634      54545F44 
 1634      425F4154 
 1634      54525F48 
 1635              	.LASF8:
 1636 060a 6C6F6E67 		.ascii	"long unsigned int\000"
 1636      20756E73 
 1636      69676E65 
 1636      6420696E 
 1636      7400
 1637              	.LASF87:
 1638 061c 2E5C5365 		.ascii	".\\SerialComunicationService.c\000"
 1638      7269616C 
 1638      436F6D75 
 1638      6E696361 
 1638      74696F6E 
 1639              	.LASF57:
 1640 063a 61747472 		.ascii	"attrHandle\000"
 1640      48616E64 
 1640      6C6500
 1641              	.LASF18:
 1642 0645 646F7562 		.ascii	"double\000"
 1642      6C6500
 1643              	.LASF40:
 1644 064c 4359424C 		.ascii	"CYBLE_ERROR_GATT_DB_INVALID_ATTR_HANDLE\000"
 1644      455F4552 
 1644      524F525F 
 1644      47415454 
 1644      5F44425F 
 1645              	.LASF53:
 1646 0674 4359424C 		.ascii	"CYBLE_CONN_HANDLE_T\000"
 1646      455F434F 
 1646      4E4E5F48 
 1646      414E444C 
 1646      455F5400 
ARM GAS  C:\Users\David\AppData\Local\Temp\ccCqDwUD.s 			page 37


 1647              	.LASF58:
 1648 0688 4359424C 		.ascii	"CYBLE_GATT_HANDLE_VALUE_PAIR_T\000"
 1648      455F4741 
 1648      54545F48 
 1648      414E444C 
 1648      455F5641 
 1649              	.LASF75:
 1650 06a7 68616E64 		.ascii	"handle\000"
 1650      6C6500
 1651              	.LASF63:
 1652 06ae 63757374 		.ascii	"customServCharHandle\000"
 1652      6F6D5365 
 1652      72764368 
 1652      61724861 
 1652      6E646C65 
 1653              	.LASF39:
 1654 06c3 4359424C 		.ascii	"CYBLE_ERROR_L2CAP_PSM_NOT_IN_RANGE\000"
 1654      455F4552 
 1654      524F525F 
 1654      4C324341 
 1654      505F5053 
 1655              	.LASF69:
 1656 06e6 74785061 		.ascii	"txPacket\000"
 1656      636B6574 
 1656      00
 1657              	.LASF3:
 1658 06ef 5F5F696E 		.ascii	"__int16_t\000"
 1658      7431365F 
 1658      7400
 1659              	.LASF45:
 1660 06f9 4359424C 		.ascii	"CYBLE_ERROR_NTF_DISABLED\000"
 1660      455F4552 
 1660      524F525F 
 1660      4E54465F 
 1660      44495341 
 1661              	.LASF41:
 1662 0712 4359424C 		.ascii	"CYBLE_ERROR_DEVICE_ALREADY_EXISTS\000"
 1662      455F4552 
 1662      524F525F 
 1662      44455649 
 1662      43455F41 
 1663              	.LASF44:
 1664 0734 4359424C 		.ascii	"CYBLE_ERROR_MAX\000"
 1664      455F4552 
 1664      524F525F 
 1664      4D415800 
 1665              	.LASF48:
 1666 0744 4359424C 		.ascii	"CYBLE_ERROR_INVALID_STATE\000"
 1666      455F4552 
 1666      524F525F 
 1666      494E5641 
 1666      4C49445F 
 1667              	.LASF90:
 1668 075e 4379426C 		.ascii	"CyBle_GattsNotification\000"
 1668      655F4761 
 1668      7474734E 
 1668      6F746966 
ARM GAS  C:\Users\David\AppData\Local\Temp\ccCqDwUD.s 			page 38


 1668      69636174 
 1669              	.LASF54:
 1670 0776 61637475 		.ascii	"actualLen\000"
 1670      616C4C65 
 1670      6E00
 1671              	.LASF37:
 1672 0780 4359424C 		.ascii	"CYBLE_ERROR_L2CAP_CONNECTION_ENTITY_NOT_FOUND\000"
 1672      455F4552 
 1672      524F525F 
 1672      4C324341 
 1672      505F434F 
 1673              	.LASF80:
 1674 07ae 53657269 		.ascii	"SerialCommunicationServiceNotificationHandler\000"
 1674      616C436F 
 1674      6D6D756E 
 1674      69636174 
 1674      696F6E53 
 1675              	.LASF46:
 1676 07dc 4359424C 		.ascii	"CYBLE_ERROR_IND_DISABLED\000"
 1676      455F4552 
 1676      524F525F 
 1676      494E445F 
 1676      44495341 
 1677              	.LASF73:
 1678 07f5 6576656E 		.ascii	"eventParam\000"
 1678      74506172 
 1678      616D00
 1679              	.LASF83:
 1680 0800 6379426C 		.ascii	"cyBle_customs\000"
 1680      655F6375 
 1680      73746F6D 
 1680      7300
 1681              		.ident	"GCC: (GNU Tools for ARM Embedded Processors) 4.8.4 20140526 (release) [ARM/embedded-4_8-br
